This file contains any messages produced by compilers while
running configure, to aid debugging if configure makes a mistake.

It was created by SILE configure 0.9.1, which was
generated by GNU Autoconf 2.69.  Invocation command line was

  $ ./configure 

## --------- ##
## Platform. ##
## --------- ##

hostname = miles-Latitude-E5500
uname -m = x86_64
uname -r = 3.13.0-32-generic
uname -s = Linux
uname -v = #57-Ubuntu SMP Tue Jul 15 03:51:08 UTC 2014

/usr/bin/uname -p = unknown
/bin/uname -X     = unknown

/bin/arch              = unknown
/usr/bin/arch -k       = unknown
/usr/convex/getsysinfo = unknown
/usr/bin/hostinfo      = unknown
/bin/machine           = unknown
/usr/bin/oslevel       = unknown
/bin/universe          = unknown

PATH: /usr/local/sbin
PATH: /usr/local/bin
PATH: /usr/sbin
PATH: /usr/bin
PATH: /sbin
PATH: /bin
PATH: /usr/games
PATH: /usr/local/games


## ----------- ##
## Core tests. ##
## ----------- ##

configure:2323: checking for a BSD-compatible install
configure:2391: result: /usr/bin/install -c
configure:2402: checking whether build environment is sane
configure:2457: result: yes
configure:2608: checking for a thread-safe mkdir -p
configure:2647: result: /bin/mkdir -p
configure:2654: checking for gawk
configure:2670: found /usr/bin/gawk
configure:2681: result: gawk
configure:2692: checking whether make sets $(MAKE)
configure:2714: result: yes
configure:2743: checking whether make supports nested variables
configure:2760: result: yes
configure:2830: checking how to create a pax tar archive
configure:2841: tar --version
tar (GNU tar) 1.27.1
Copyright (C) 2013 Free Software Foundation, Inc.
License GPLv3+: GNU GPL version 3 or later <http://gnu.org/licenses/gpl.html>.
This is free software: you are free to change and redistribute it.
There is NO WARRANTY, to the extent permitted by law.

Written by John Gilmore and Jay Fenlason.
configure:2844: $? = 0
configure:2884: tardir=conftest.dir && eval tar --format=posix -chf - "$tardir" >conftest.tar
configure:2887: $? = 0
configure:2891: tar -xf - <conftest.tar
configure:2894: $? = 0
configure:2896: cat conftest.dir/file
GrepMe
configure:2899: $? = 0
configure:2912: result: gnutar
configure:2992: checking build system type
configure:3006: result: x86_64-unknown-linux-gnu
configure:3026: checking host system type
configure:3039: result: x86_64-unknown-linux-gnu
configure:3080: checking how to print strings
configure:3107: result: printf
configure:3140: checking for style of include used by make
configure:3168: result: GNU
configure:3239: checking for gcc
configure:3255: found /usr/bin/gcc
configure:3266: result: gcc
configure:3495: checking for C compiler version
configure:3504: gcc --version >&5
gcc (Ubuntu 4.8.2-19ubuntu1) 4.8.2
Copyright (C) 2013 Free Software Foundation, Inc.
This is free software; see the source for copying conditions.  There is NO
warranty; not even for MERCHANTABILITY or FITNESS FOR A PARTICULAR PURPOSE.

configure:3515: $? = 0
configure:3504: gcc -v >&5
Using built-in specs.
COLLECT_GCC=gcc
COLLECT_LTO_WRAPPER=/usr/lib/gcc/x86_64-linux-gnu/4.8/lto-wrapper
Target: x86_64-linux-gnu
Configured with: ../src/configure -v --with-pkgversion='Ubuntu 4.8.2-19ubuntu1' --with-bugurl=file:///usr/share/doc/gcc-4.8/README.Bugs --enable-languages=c,c++,java,go,d,fortran,objc,obj-c++ --prefix=/usr --program-suffix=-4.8 --enable-shared --enable-linker-build-id --libexecdir=/usr/lib --without-included-gettext --enable-threads=posix --with-gxx-include-dir=/usr/include/c++/4.8 --libdir=/usr/lib --enable-nls --with-sysroot=/ --enable-clocale=gnu --enable-libstdcxx-debug --enable-libstdcxx-time=yes --enable-gnu-unique-object --disable-libmudflap --enable-plugin --with-system-zlib --disable-browser-plugin --enable-java-awt=gtk --enable-gtk-cairo --with-java-home=/usr/lib/jvm/java-1.5.0-gcj-4.8-amd64/jre --enable-java-home --with-jvm-root-dir=/usr/lib/jvm/java-1.5.0-gcj-4.8-amd64 --with-jvm-jar-dir=/usr/lib/jvm-exports/java-1.5.0-gcj-4.8-amd64 --with-arch-directory=amd64 --with-ecj-jar=/usr/share/java/eclipse-ecj.jar --enable-objc-gc --enable-multiarch --disable-werror --with-arch-32=i686 --with-abi=m64 --with-multilib-list=m32,m64,mx32 --with-tune=generic --enable-checking=release --build=x86_64-linux-gnu --host=x86_64-linux-gnu --target=x86_64-linux-gnu
Thread model: posix
gcc version 4.8.2 (Ubuntu 4.8.2-19ubuntu1) 
configure:3515: $? = 0
configure:3504: gcc -V >&5
gcc: error: unrecognized command line option '-V'
gcc: fatal error: no input files
compilation terminated.
configure:3515: $? = 4
configure:3504: gcc -qversion >&5
gcc: error: unrecognized command line option '-qversion'
gcc: fatal error: no input files
compilation terminated.
configure:3515: $? = 4
configure:3535: checking whether the C compiler works
configure:3557: gcc    conftest.c  >&5
configure:3561: $? = 0
configure:3609: result: yes
configure:3612: checking for C compiler default output file name
configure:3614: result: a.out
configure:3620: checking for suffix of executables
configure:3627: gcc -o conftest    conftest.c  >&5
configure:3631: $? = 0
configure:3653: result: 
configure:3675: checking whether we are cross compiling
configure:3683: gcc -o conftest    conftest.c  >&5
configure:3687: $? = 0
configure:3694: ./conftest
configure:3698: $? = 0
configure:3713: result: no
configure:3718: checking for suffix of object files
configure:3740: gcc -c   conftest.c >&5
configure:3744: $? = 0
configure:3765: result: o
configure:3769: checking whether we are using the GNU C compiler
configure:3788: gcc -c   conftest.c >&5
configure:3788: $? = 0
configure:3797: result: yes
configure:3806: checking whether gcc accepts -g
configure:3826: gcc -c -g  conftest.c >&5
configure:3826: $? = 0
configure:3867: result: yes
configure:3884: checking for gcc option to accept ISO C89
configure:3947: gcc  -c -g -O2  conftest.c >&5
configure:3947: $? = 0
configure:3960: result: none needed
configure:3985: checking whether gcc understands -c and -o together
configure:4007: gcc -c conftest.c -o conftest2.o
configure:4010: $? = 0
configure:4007: gcc -c conftest.c -o conftest2.o
configure:4010: $? = 0
configure:4022: result: yes
configure:4041: checking dependency style of gcc
configure:4152: result: gcc3
configure:4167: checking for a sed that does not truncate output
configure:4231: result: /bin/sed
configure:4249: checking for grep that handles long lines and -e
configure:4307: result: /bin/grep
configure:4312: checking for egrep
configure:4374: result: /bin/grep -E
configure:4379: checking for fgrep
configure:4441: result: /bin/grep -F
configure:4476: checking for ld used by gcc
configure:4543: result: /usr/bin/ld
configure:4550: checking if the linker (/usr/bin/ld) is GNU ld
configure:4565: result: yes
configure:4577: checking for BSD- or MS-compatible name lister (nm)
configure:4626: result: /usr/bin/nm -B
configure:4756: checking the name lister (/usr/bin/nm -B) interface
configure:4763: gcc -c -g -O2  conftest.c >&5
configure:4766: /usr/bin/nm -B "conftest.o"
configure:4769: output
0000000000000000 B some_variable
configure:4776: result: BSD nm
configure:4779: checking whether ln -s works
configure:4783: result: yes
configure:4791: checking the maximum length of command line arguments
configure:4921: result: 1572864
configure:4938: checking whether the shell understands some XSI constructs
configure:4948: result: yes
configure:4952: checking whether the shell understands "+="
configure:4958: result: yes
configure:4993: checking how to convert x86_64-unknown-linux-gnu file names to x86_64-unknown-linux-gnu format
configure:5033: result: func_convert_file_noop
configure:5040: checking how to convert x86_64-unknown-linux-gnu file names to toolchain format
configure:5060: result: func_convert_file_noop
configure:5067: checking for /usr/bin/ld option to reload object files
configure:5074: result: -r
configure:5148: checking for objdump
configure:5164: found /usr/bin/objdump
configure:5175: result: objdump
configure:5207: checking how to recognize dependent libraries
configure:5409: result: pass_all
configure:5494: checking for dlltool
configure:5524: result: no
configure:5554: checking how to associate runtime and link libraries
configure:5581: result: printf %s\n
configure:5642: checking for ar
configure:5658: found /usr/bin/ar
configure:5669: result: ar
configure:5706: checking for archiver @FILE support
configure:5723: gcc -c -g -O2  conftest.c >&5
configure:5723: $? = 0
configure:5726: ar cru libconftest.a @conftest.lst >&5
configure:5729: $? = 0
configure:5734: ar cru libconftest.a @conftest.lst >&5
ar: conftest.o: No such file or directory
configure:5737: $? = 1
configure:5749: result: @
configure:5807: checking for strip
configure:5823: found /usr/bin/strip
configure:5834: result: strip
configure:5906: checking for ranlib
configure:5922: found /usr/bin/ranlib
configure:5933: result: ranlib
configure:6035: checking command to parse /usr/bin/nm -B output from gcc object
configure:6155: gcc -c -g -O2  conftest.c >&5
configure:6158: $? = 0
configure:6162: /usr/bin/nm -B conftest.o \| sed -n -e 's/^.*[ ]\([ABCDGIRSTW][ABCDGIRSTW]*\)[ ][ ]*\([_A-Za-z][_A-Za-z0-9]*\)$/\1 \2 \2/p' | sed '/ __gnu_lto/d' \> conftest.nm
configure:6165: $? = 0
configure:6231: gcc -o conftest -g -O2   conftest.c conftstm.o >&5
configure:6234: $? = 0
configure:6272: result: ok
configure:6309: checking for sysroot
configure:6339: result: no
configure:6416: gcc -c -g -O2  conftest.c >&5
configure:6419: $? = 0
configure:6595: checking for mt
configure:6611: found /bin/mt
configure:6622: result: mt
configure:6645: checking if mt is a manifest tool
configure:6651: mt '-?'
configure:6659: result: no
configure:7301: checking how to run the C preprocessor
configure:7332: gcc -E  conftest.c
configure:7332: $? = 0
configure:7346: gcc -E  conftest.c
conftest.c:9:28: fatal error: ac_nonexistent.h: No such file or directory
 #include <ac_nonexistent.h>
                            ^
compilation terminated.
configure:7346: $? = 1
configure: failed program was:
| /* confdefs.h */
| #define PACKAGE_NAME "SILE"
| #define PACKAGE_TARNAME "sile"
| #define PACKAGE_VERSION "0.9.1"
| #define PACKAGE_STRING "SILE 0.9.1"
| #define PACKAGE_BUGREPORT "simon@simon-cozens.org"
| #define PACKAGE_URL ""
| /* end confdefs.h.  */
| #include <ac_nonexistent.h>
configure:7371: result: gcc -E
configure:7391: gcc -E  conftest.c
configure:7391: $? = 0
configure:7405: gcc -E  conftest.c
conftest.c:9:28: fatal error: ac_nonexistent.h: No such file or directory
 #include <ac_nonexistent.h>
                            ^
compilation terminated.
configure:7405: $? = 1
configure: failed program was:
| /* confdefs.h */
| #define PACKAGE_NAME "SILE"
| #define PACKAGE_TARNAME "sile"
| #define PACKAGE_VERSION "0.9.1"
| #define PACKAGE_STRING "SILE 0.9.1"
| #define PACKAGE_BUGREPORT "simon@simon-cozens.org"
| #define PACKAGE_URL ""
| /* end confdefs.h.  */
| #include <ac_nonexistent.h>
configure:7434: checking for ANSI C header files
configure:7454: gcc -c -g -O2  conftest.c >&5
configure:7454: $? = 0
configure:7527: gcc -o conftest -g -O2   conftest.c  >&5
configure:7527: $? = 0
configure:7527: ./conftest
configure:7527: $? = 0
configure:7538: result: yes
configure:7551: checking for sys/types.h
configure:7551: gcc -c -g -O2  conftest.c >&5
configure:7551: $? = 0
configure:7551: result: yes
configure:7551: checking for sys/stat.h
configure:7551: gcc -c -g -O2  conftest.c >&5
configure:7551: $? = 0
configure:7551: result: yes
configure:7551: checking for stdlib.h
configure:7551: gcc -c -g -O2  conftest.c >&5
configure:7551: $? = 0
configure:7551: result: yes
configure:7551: checking for string.h
configure:7551: gcc -c -g -O2  conftest.c >&5
configure:7551: $? = 0
configure:7551: result: yes
configure:7551: checking for memory.h
configure:7551: gcc -c -g -O2  conftest.c >&5
configure:7551: $? = 0
configure:7551: result: yes
configure:7551: checking for strings.h
configure:7551: gcc -c -g -O2  conftest.c >&5
configure:7551: $? = 0
configure:7551: result: yes
configure:7551: checking for inttypes.h
configure:7551: gcc -c -g -O2  conftest.c >&5
configure:7551: $? = 0
configure:7551: result: yes
configure:7551: checking for stdint.h
configure:7551: gcc -c -g -O2  conftest.c >&5
configure:7551: $? = 0
configure:7551: result: yes
configure:7551: checking for unistd.h
configure:7551: gcc -c -g -O2  conftest.c >&5
configure:7551: $? = 0
configure:7551: result: yes
configure:7565: checking for dlfcn.h
configure:7565: gcc -c -g -O2  conftest.c >&5
configure:7565: $? = 0
configure:7565: result: yes
configure:7770: checking for objdir
configure:7785: result: .libs
configure:8056: checking if gcc supports -fno-rtti -fno-exceptions
configure:8074: gcc -c -g -O2  -fno-rtti -fno-exceptions conftest.c >&5
cc1: warning: command line option '-fno-rtti' is valid for C++/ObjC++ but not for C [enabled by default]
configure:8078: $? = 0
configure:8091: result: no
configure:8418: checking for gcc option to produce PIC
configure:8425: result: -fPIC -DPIC
configure:8433: checking if gcc PIC flag -fPIC -DPIC works
configure:8451: gcc -c -g -O2  -fPIC -DPIC -DPIC conftest.c >&5
configure:8455: $? = 0
configure:8468: result: yes
configure:8497: checking if gcc static flag -static works
configure:8525: result: yes
configure:8540: checking if gcc supports -c -o file.o
configure:8561: gcc -c -g -O2  -o out/conftest2.o conftest.c >&5
configure:8565: $? = 0
configure:8587: result: yes
configure:8595: checking if gcc supports -c -o file.o
configure:8642: result: yes
configure:8675: checking whether the gcc linker (/usr/bin/ld -m elf_x86_64) supports shared libraries
configure:9828: result: yes
configure:9865: checking whether -lc should be explicitly linked in
configure:9873: gcc -c -g -O2  conftest.c >&5
configure:9876: $? = 0
configure:9891: gcc -shared  -fPIC -DPIC conftest.o  -v -Wl,-soname -Wl,conftest -o conftest 2\>\&1 \| /bin/grep  -lc  \>/dev/null 2\>\&1
configure:9894: $? = 0
configure:9908: result: no
configure:10068: checking dynamic linker characteristics
configure:10579: gcc -o conftest -g -O2   -Wl,-rpath -Wl,/foo conftest.c  >&5
configure:10579: $? = 0
configure:10801: result: GNU/Linux ld.so
configure:10908: checking how to hardcode library paths into programs
configure:10933: result: immediate
configure:11027: checking for shl_load
configure:11027: gcc -o conftest -g -O2   conftest.c  >&5
/tmp/ccqszMrH.o: In function `main':
/home/miles/Desktop/sile-0.9.1/conftest.c:55: undefined reference to `shl_load'
collect2: error: ld returned 1 exit status
configure:11027: $? = 1
configure: failed program was:
| /* confdefs.h */
| #define PACKAGE_NAME "SILE"
| #define PACKAGE_TARNAME "sile"
| #define PACKAGE_VERSION "0.9.1"
| #define PACKAGE_STRING "SILE 0.9.1"
| #define PACKAGE_BUGREPORT "simon@simon-cozens.org"
| #define PACKAGE_URL ""
| #define STDC_HEADERS 1
| #define HAVE_SYS_TYPES_H 1
| #define HAVE_SYS_STAT_H 1
| #define HAVE_STDLIB_H 1
| #define HAVE_STRING_H 1
| #define HAVE_MEMORY_H 1
| #define HAVE_STRINGS_H 1
| #define HAVE_INTTYPES_H 1
| #define HAVE_STDINT_H 1
| #define HAVE_UNISTD_H 1
| #define HAVE_DLFCN_H 1
| #define LT_OBJDIR ".libs/"
| /* end confdefs.h.  */
| /* Define shl_load to an innocuous variant, in case <limits.h> declares shl_load.
|    For example, HP-UX 11i <limits.h> declares gettimeofday.  */
| #define shl_load innocuous_shl_load
| 
| /* System header to define __stub macros and hopefully few prototypes,
|     which can conflict with char shl_load (); below.
|     Prefer <limits.h> to <assert.h> if __STDC__ is defined, since
|     <limits.h> exists even on freestanding compilers.  */
| 
| #ifdef __STDC__
| # include <limits.h>
| #else
| # include <assert.h>
| #endif
| 
| #undef shl_load
| 
| /* Override any GCC internal prototype to avoid an error.
|    Use char because int might match the return type of a GCC
|    builtin and then its argument prototype would still apply.  */
| #ifdef __cplusplus
| extern "C"
| #endif
| char shl_load ();
| /* The GNU C library defines this for functions which it implements
|     to always fail with ENOSYS.  Some functions are actually named
|     something starting with __ and the normal name is an alias.  */
| #if defined __stub_shl_load || defined __stub___shl_load
| choke me
| #endif
| 
| int
| main ()
| {
| return shl_load ();
|   ;
|   return 0;
| }
configure:11027: result: no
configure:11031: checking for shl_load in -ldld
configure:11056: gcc -o conftest -g -O2   conftest.c -ldld   >&5
/usr/bin/ld: cannot find -ldld
collect2: error: ld returned 1 exit status
configure:11056: $? = 1
configure: failed program was:
| /* confdefs.h */
| #define PACKAGE_NAME "SILE"
| #define PACKAGE_TARNAME "sile"
| #define PACKAGE_VERSION "0.9.1"
| #define PACKAGE_STRING "SILE 0.9.1"
| #define PACKAGE_BUGREPORT "simon@simon-cozens.org"
| #define PACKAGE_URL ""
| #define STDC_HEADERS 1
| #define HAVE_SYS_TYPES_H 1
| #define HAVE_SYS_STAT_H 1
| #define HAVE_STDLIB_H 1
| #define HAVE_STRING_H 1
| #define HAVE_MEMORY_H 1
| #define HAVE_STRINGS_H 1
| #define HAVE_INTTYPES_H 1
| #define HAVE_STDINT_H 1
| #define HAVE_UNISTD_H 1
| #define HAVE_DLFCN_H 1
| #define LT_OBJDIR ".libs/"
| /* end confdefs.h.  */
| 
| /* Override any GCC internal prototype to avoid an error.
|    Use char because int might match the return type of a GCC
|    builtin and then its argument prototype would still apply.  */
| #ifdef __cplusplus
| extern "C"
| #endif
| char shl_load ();
| int
| main ()
| {
| return shl_load ();
|   ;
|   return 0;
| }
configure:11065: result: no
configure:11070: checking for dlopen
configure:11070: gcc -o conftest -g -O2   conftest.c  >&5
/tmp/ccv6mpTN.o: In function `main':
/home/miles/Desktop/sile-0.9.1/conftest.c:55: undefined reference to `dlopen'
collect2: error: ld returned 1 exit status
configure:11070: $? = 1
configure: failed program was:
| /* confdefs.h */
| #define PACKAGE_NAME "SILE"
| #define PACKAGE_TARNAME "sile"
| #define PACKAGE_VERSION "0.9.1"
| #define PACKAGE_STRING "SILE 0.9.1"
| #define PACKAGE_BUGREPORT "simon@simon-cozens.org"
| #define PACKAGE_URL ""
| #define STDC_HEADERS 1
| #define HAVE_SYS_TYPES_H 1
| #define HAVE_SYS_STAT_H 1
| #define HAVE_STDLIB_H 1
| #define HAVE_STRING_H 1
| #define HAVE_MEMORY_H 1
| #define HAVE_STRINGS_H 1
| #define HAVE_INTTYPES_H 1
| #define HAVE_STDINT_H 1
| #define HAVE_UNISTD_H 1
| #define HAVE_DLFCN_H 1
| #define LT_OBJDIR ".libs/"
| /* end confdefs.h.  */
| /* Define dlopen to an innocuous variant, in case <limits.h> declares dlopen.
|    For example, HP-UX 11i <limits.h> declares gettimeofday.  */
| #define dlopen innocuous_dlopen
| 
| /* System header to define __stub macros and hopefully few prototypes,
|     which can conflict with char dlopen (); below.
|     Prefer <limits.h> to <assert.h> if __STDC__ is defined, since
|     <limits.h> exists even on freestanding compilers.  */
| 
| #ifdef __STDC__
| # include <limits.h>
| #else
| # include <assert.h>
| #endif
| 
| #undef dlopen
| 
| /* Override any GCC internal prototype to avoid an error.
|    Use char because int might match the return type of a GCC
|    builtin and then its argument prototype would still apply.  */
| #ifdef __cplusplus
| extern "C"
| #endif
| char dlopen ();
| /* The GNU C library defines this for functions which it implements
|     to always fail with ENOSYS.  Some functions are actually named
|     something starting with __ and the normal name is an alias.  */
| #if defined __stub_dlopen || defined __stub___dlopen
| choke me
| #endif
| 
| int
| main ()
| {
| return dlopen ();
|   ;
|   return 0;
| }
configure:11070: result: no
configure:11074: checking for dlopen in -ldl
configure:11099: gcc -o conftest -g -O2   conftest.c -ldl   >&5
configure:11099: $? = 0
configure:11108: result: yes
configure:11227: checking whether a program can dlopen itself
configure:11307: gcc -o conftest -g -O2  -DHAVE_DLFCN_H  -Wl,--export-dynamic conftest.c -ldl  >&5
configure:11310: $? = 0
configure:11328: result: yes
configure:11333: checking whether a statically linked program can dlopen itself
configure:11413: gcc -o conftest -g -O2  -DHAVE_DLFCN_H  -Wl,--export-dynamic -static conftest.c -ldl  >&5
/tmp/ccMSwhMS.o: In function `main':
/home/miles/Desktop/sile-0.9.1/configure:11392: warning: Using 'dlopen' in statically linked applications requires at runtime the shared libraries from the glibc version used for linking
/usr/bin/ld: dynamic STT_GNU_IFUNC symbol `strcmp' with pointer equality in `/usr/lib/gcc/x86_64-linux-gnu/4.8/../../../x86_64-linux-gnu/libc.a(strcmp.o)' can not be used when making an executable; recompile with -fPIE and relink with -pie
collect2: error: ld returned 1 exit status
configure:11416: $? = 1
configure:11434: result: no
configure:11473: checking whether stripping libraries is possible
configure:11478: result: yes
configure:11513: checking if libtool supports shared libraries
configure:11515: result: yes
configure:11518: checking whether to build shared libraries
configure:11539: result: yes
configure:11542: checking whether to build static libraries
configure:11546: result: yes
configure:11844: checking for gcc
configure:11871: result: gcc
configure:12100: checking for C compiler version
configure:12109: gcc --version >&5
gcc (Ubuntu 4.8.2-19ubuntu1) 4.8.2
Copyright (C) 2013 Free Software Foundation, Inc.
This is free software; see the source for copying conditions.  There is NO
warranty; not even for MERCHANTABILITY or FITNESS FOR A PARTICULAR PURPOSE.

configure:12120: $? = 0
configure:12109: gcc -v >&5
Using built-in specs.
COLLECT_GCC=gcc
COLLECT_LTO_WRAPPER=/usr/lib/gcc/x86_64-linux-gnu/4.8/lto-wrapper
Target: x86_64-linux-gnu
Configured with: ../src/configure -v --with-pkgversion='Ubuntu 4.8.2-19ubuntu1' --with-bugurl=file:///usr/share/doc/gcc-4.8/README.Bugs --enable-languages=c,c++,java,go,d,fortran,objc,obj-c++ --prefix=/usr --program-suffix=-4.8 --enable-shared --enable-linker-build-id --libexecdir=/usr/lib --without-included-gettext --enable-threads=posix --with-gxx-include-dir=/usr/include/c++/4.8 --libdir=/usr/lib --enable-nls --with-sysroot=/ --enable-clocale=gnu --enable-libstdcxx-debug --enable-libstdcxx-time=yes --enable-gnu-unique-object --disable-libmudflap --enable-plugin --with-system-zlib --disable-browser-plugin --enable-java-awt=gtk --enable-gtk-cairo --with-java-home=/usr/lib/jvm/java-1.5.0-gcj-4.8-amd64/jre --enable-java-home --with-jvm-root-dir=/usr/lib/jvm/java-1.5.0-gcj-4.8-amd64 --with-jvm-jar-dir=/usr/lib/jvm-exports/java-1.5.0-gcj-4.8-amd64 --with-arch-directory=amd64 --with-ecj-jar=/usr/share/java/eclipse-ecj.jar --enable-objc-gc --enable-multiarch --disable-werror --with-arch-32=i686 --with-abi=m64 --with-multilib-list=m32,m64,mx32 --with-tune=generic --enable-checking=release --build=x86_64-linux-gnu --host=x86_64-linux-gnu --target=x86_64-linux-gnu
Thread model: posix
gcc version 4.8.2 (Ubuntu 4.8.2-19ubuntu1) 
configure:12120: $? = 0
configure:12109: gcc -V >&5
gcc: error: unrecognized command line option '-V'
gcc: fatal error: no input files
compilation terminated.
configure:12120: $? = 4
configure:12109: gcc -qversion >&5
gcc: error: unrecognized command line option '-qversion'
gcc: fatal error: no input files
compilation terminated.
configure:12120: $? = 4
configure:12124: checking whether we are using the GNU C compiler
configure:12152: result: yes
configure:12161: checking whether gcc accepts -g
configure:12222: result: yes
configure:12239: checking for gcc option to accept ISO C89
configure:12315: result: none needed
configure:12340: checking whether gcc understands -c and -o together
configure:12377: result: yes
configure:12396: checking dependency style of gcc
configure:12507: result: gcc3
configure:12605: checking for pkg-config
configure:12623: found /usr/bin/pkg-config
configure:12635: result: /usr/bin/pkg-config
configure:12660: checking pkg-config is at least version 0.9.0
configure:12663: result: yes
configure:12672: checking for hb_shape in -lharfbuzz
configure:12697: gcc -o conftest -g -O2   conftest.c -lharfbuzz   >&5
configure:12697: $? = 0
configure:12706: result: yes
configure:12711: checking for HARFBUZZ
configure:12718: $PKG_CONFIG --exists --print-errors "harfbuzz"
configure:12721: $? = 0
configure:12735: $PKG_CONFIG --exists --print-errors "harfbuzz"
configure:12738: $? = 0
configure:12796: result: yes
configure:12802: checking for FREETYPE
configure:12809: $PKG_CONFIG --exists --print-errors "freetype2"
configure:12812: $? = 0
configure:12826: $PKG_CONFIG --exists --print-errors "freetype2"
configure:12829: $? = 0
configure:12873: result: yes
configure:12879: checking for FONTCONFIG
configure:12886: $PKG_CONFIG --exists --print-errors "fontconfig"
configure:12889: $? = 0
configure:12903: $PKG_CONFIG --exists --print-errors "fontconfig"
configure:12906: $? = 0
configure:12950: result: yes
configure:13364: checking for a Lua interpreter with version >= 5.1
configure:13391: result: lua
configure:13398: checking for lua
configure:13416: found /usr/bin/lua
configure:13428: result: /usr/bin/lua
configure:13446: checking for lua version
configure:13453: result: 5.1
configure:13463: checking for lua platform
configure:13470: result: unknown
configure:13480: checking for lua script directory
configure:13513: result: ${prefix}/share/lua/5.1
configure:13520: checking for lua module directory
configure:13553: result: ${exec_prefix}/lib/lua/5.1
configure:13565: checking if LUA_VERSION is defined
configure:13568: result: yes
configure:13587: checking lua.h usability
configure:13587: gcc -c -g -O2   conftest.c >&5
conftest.c:54:17: fatal error: lua.h: No such file or directory
 #include <lua.h>
                 ^
compilation terminated.
configure:13587: $? = 1
configure: failed program was:
| /* confdefs.h */
| #define PACKAGE_NAME "SILE"
| #define PACKAGE_TARNAME "sile"
| #define PACKAGE_VERSION "0.9.1"
| #define PACKAGE_STRING "SILE 0.9.1"
| #define PACKAGE_BUGREPORT "simon@simon-cozens.org"
| #define PACKAGE_URL ""
| #define STDC_HEADERS 1
| #define HAVE_SYS_TYPES_H 1
| #define HAVE_SYS_STAT_H 1
| #define HAVE_STDLIB_H 1
| #define HAVE_STRING_H 1
| #define HAVE_MEMORY_H 1
| #define HAVE_STRINGS_H 1
| #define HAVE_INTTYPES_H 1
| #define HAVE_STDINT_H 1
| #define HAVE_UNISTD_H 1
| #define HAVE_DLFCN_H 1
| #define LT_OBJDIR ".libs/"
| /* end confdefs.h.  */
| #include <stdio.h>
| #ifdef HAVE_SYS_TYPES_H
| # include <sys/types.h>
| #endif
| #ifdef HAVE_SYS_STAT_H
| # include <sys/stat.h>
| #endif
| #ifdef STDC_HEADERS
| # include <stdlib.h>
| # include <stddef.h>
| #else
| # ifdef HAVE_STDLIB_H
| #  include <stdlib.h>
| # endif
| #endif
| #ifdef HAVE_STRING_H
| # if !defined STDC_HEADERS && defined HAVE_MEMORY_H
| #  include <memory.h>
| # endif
| # include <string.h>
| #endif
| #ifdef HAVE_STRINGS_H
| # include <strings.h>
| #endif
| #ifdef HAVE_INTTYPES_H
| # include <inttypes.h>
| #endif
| #ifdef HAVE_STDINT_H
| # include <stdint.h>
| #endif
| #ifdef HAVE_UNISTD_H
| # include <unistd.h>
| #endif
| #include <lua.h>
configure:13587: result: no
configure:13587: checking lua.h presence
configure:13587: gcc -E   conftest.c
conftest.c:21:17: fatal error: lua.h: No such file or directory
 #include <lua.h>
                 ^
compilation terminated.
configure:13587: $? = 1
configure: failed program was:
| /* confdefs.h */
| #define PACKAGE_NAME "SILE"
| #define PACKAGE_TARNAME "sile"
| #define PACKAGE_VERSION "0.9.1"
| #define PACKAGE_STRING "SILE 0.9.1"
| #define PACKAGE_BUGREPORT "simon@simon-cozens.org"
| #define PACKAGE_URL ""
| #define STDC_HEADERS 1
| #define HAVE_SYS_TYPES_H 1
| #define HAVE_SYS_STAT_H 1
| #define HAVE_STDLIB_H 1
| #define HAVE_STRING_H 1
| #define HAVE_MEMORY_H 1
| #define HAVE_STRINGS_H 1
| #define HAVE_INTTYPES_H 1
| #define HAVE_STDINT_H 1
| #define HAVE_UNISTD_H 1
| #define HAVE_DLFCN_H 1
| #define LT_OBJDIR ".libs/"
| /* end confdefs.h.  */
| #include <lua.h>
configure:13587: result: no
configure:13587: checking for lua.h
configure:13587: result: no
configure:13587: checking lualib.h usability
configure:13587: gcc -c -g -O2   conftest.c >&5
conftest.c:54:20: fatal error: lualib.h: No such file or directory
 #include <lualib.h>
                    ^
compilation terminated.
configure:13587: $? = 1
configure: failed program was:
| /* confdefs.h */
| #define PACKAGE_NAME "SILE"
| #define PACKAGE_TARNAME "sile"
| #define PACKAGE_VERSION "0.9.1"
| #define PACKAGE_STRING "SILE 0.9.1"
| #define PACKAGE_BUGREPORT "simon@simon-cozens.org"
| #define PACKAGE_URL ""
| #define STDC_HEADERS 1
| #define HAVE_SYS_TYPES_H 1
| #define HAVE_SYS_STAT_H 1
| #define HAVE_STDLIB_H 1
| #define HAVE_STRING_H 1
| #define HAVE_MEMORY_H 1
| #define HAVE_STRINGS_H 1
| #define HAVE_INTTYPES_H 1
| #define HAVE_STDINT_H 1
| #define HAVE_UNISTD_H 1
| #define HAVE_DLFCN_H 1
| #define LT_OBJDIR ".libs/"
| /* end confdefs.h.  */
| #include <stdio.h>
| #ifdef HAVE_SYS_TYPES_H
| # include <sys/types.h>
| #endif
| #ifdef HAVE_SYS_STAT_H
| # include <sys/stat.h>
| #endif
| #ifdef STDC_HEADERS
| # include <stdlib.h>
| # include <stddef.h>
| #else
| # ifdef HAVE_STDLIB_H
| #  include <stdlib.h>
| # endif
| #endif
| #ifdef HAVE_STRING_H
| # if !defined STDC_HEADERS && defined HAVE_MEMORY_H
| #  include <memory.h>
| # endif
| # include <string.h>
| #endif
| #ifdef HAVE_STRINGS_H
| # include <strings.h>
| #endif
| #ifdef HAVE_INTTYPES_H
| # include <inttypes.h>
| #endif
| #ifdef HAVE_STDINT_H
| # include <stdint.h>
| #endif
| #ifdef HAVE_UNISTD_H
| # include <unistd.h>
| #endif
| #include <lualib.h>
configure:13587: result: no
configure:13587: checking lualib.h presence
configure:13587: gcc -E   conftest.c
conftest.c:21:20: fatal error: lualib.h: No such file or directory
 #include <lualib.h>
                    ^
compilation terminated.
configure:13587: $? = 1
configure: failed program was:
| /* confdefs.h */
| #define PACKAGE_NAME "SILE"
| #define PACKAGE_TARNAME "sile"
| #define PACKAGE_VERSION "0.9.1"
| #define PACKAGE_STRING "SILE 0.9.1"
| #define PACKAGE_BUGREPORT "simon@simon-cozens.org"
| #define PACKAGE_URL ""
| #define STDC_HEADERS 1
| #define HAVE_SYS_TYPES_H 1
| #define HAVE_SYS_STAT_H 1
| #define HAVE_STDLIB_H 1
| #define HAVE_STRING_H 1
| #define HAVE_MEMORY_H 1
| #define HAVE_STRINGS_H 1
| #define HAVE_INTTYPES_H 1
| #define HAVE_STDINT_H 1
| #define HAVE_UNISTD_H 1
| #define HAVE_DLFCN_H 1
| #define LT_OBJDIR ".libs/"
| /* end confdefs.h.  */
| #include <lualib.h>
configure:13587: result: no
configure:13587: checking for lualib.h
configure:13587: result: no
configure:13587: checking lauxlib.h usability
configure:13587: gcc -c -g -O2   conftest.c >&5
conftest.c:54:21: fatal error: lauxlib.h: No such file or directory
 #include <lauxlib.h>
                     ^
compilation terminated.
configure:13587: $? = 1
configure: failed program was:
| /* confdefs.h */
| #define PACKAGE_NAME "SILE"
| #define PACKAGE_TARNAME "sile"
| #define PACKAGE_VERSION "0.9.1"
| #define PACKAGE_STRING "SILE 0.9.1"
| #define PACKAGE_BUGREPORT "simon@simon-cozens.org"
| #define PACKAGE_URL ""
| #define STDC_HEADERS 1
| #define HAVE_SYS_TYPES_H 1
| #define HAVE_SYS_STAT_H 1
| #define HAVE_STDLIB_H 1
| #define HAVE_STRING_H 1
| #define HAVE_MEMORY_H 1
| #define HAVE_STRINGS_H 1
| #define HAVE_INTTYPES_H 1
| #define HAVE_STDINT_H 1
| #define HAVE_UNISTD_H 1
| #define HAVE_DLFCN_H 1
| #define LT_OBJDIR ".libs/"
| /* end confdefs.h.  */
| #include <stdio.h>
| #ifdef HAVE_SYS_TYPES_H
| # include <sys/types.h>
| #endif
| #ifdef HAVE_SYS_STAT_H
| # include <sys/stat.h>
| #endif
| #ifdef STDC_HEADERS
| # include <stdlib.h>
| # include <stddef.h>
| #else
| # ifdef HAVE_STDLIB_H
| #  include <stdlib.h>
| # endif
| #endif
| #ifdef HAVE_STRING_H
| # if !defined STDC_HEADERS && defined HAVE_MEMORY_H
| #  include <memory.h>
| # endif
| # include <string.h>
| #endif
| #ifdef HAVE_STRINGS_H
| # include <strings.h>
| #endif
| #ifdef HAVE_INTTYPES_H
| # include <inttypes.h>
| #endif
| #ifdef HAVE_STDINT_H
| # include <stdint.h>
| #endif
| #ifdef HAVE_UNISTD_H
| # include <unistd.h>
| #endif
| #include <lauxlib.h>
configure:13587: result: no
configure:13587: checking lauxlib.h presence
configure:13587: gcc -E   conftest.c
conftest.c:21:21: fatal error: lauxlib.h: No such file or directory
 #include <lauxlib.h>
                     ^
compilation terminated.
configure:13587: $? = 1
configure: failed program was:
| /* confdefs.h */
| #define PACKAGE_NAME "SILE"
| #define PACKAGE_TARNAME "sile"
| #define PACKAGE_VERSION "0.9.1"
| #define PACKAGE_STRING "SILE 0.9.1"
| #define PACKAGE_BUGREPORT "simon@simon-cozens.org"
| #define PACKAGE_URL ""
| #define STDC_HEADERS 1
| #define HAVE_SYS_TYPES_H 1
| #define HAVE_SYS_STAT_H 1
| #define HAVE_STDLIB_H 1
| #define HAVE_STRING_H 1
| #define HAVE_MEMORY_H 1
| #define HAVE_STRINGS_H 1
| #define HAVE_INTTYPES_H 1
| #define HAVE_STDINT_H 1
| #define HAVE_UNISTD_H 1
| #define HAVE_DLFCN_H 1
| #define LT_OBJDIR ".libs/"
| /* end confdefs.h.  */
| #include <lauxlib.h>
configure:13587: result: no
configure:13587: checking for lauxlib.h
configure:13587: result: no
configure:13587: checking luaconf.h usability
configure:13587: gcc -c -g -O2   conftest.c >&5
conftest.c:54:21: fatal error: luaconf.h: No such file or directory
 #include <luaconf.h>
                     ^
compilation terminated.
configure:13587: $? = 1
configure: failed program was:
| /* confdefs.h */
| #define PACKAGE_NAME "SILE"
| #define PACKAGE_TARNAME "sile"
| #define PACKAGE_VERSION "0.9.1"
| #define PACKAGE_STRING "SILE 0.9.1"
| #define PACKAGE_BUGREPORT "simon@simon-cozens.org"
| #define PACKAGE_URL ""
| #define STDC_HEADERS 1
| #define HAVE_SYS_TYPES_H 1
| #define HAVE_SYS_STAT_H 1
| #define HAVE_STDLIB_H 1
| #define HAVE_STRING_H 1
| #define HAVE_MEMORY_H 1
| #define HAVE_STRINGS_H 1
| #define HAVE_INTTYPES_H 1
| #define HAVE_STDINT_H 1
| #define HAVE_UNISTD_H 1
| #define HAVE_DLFCN_H 1
| #define LT_OBJDIR ".libs/"
| /* end confdefs.h.  */
| #include <stdio.h>
| #ifdef HAVE_SYS_TYPES_H
| # include <sys/types.h>
| #endif
| #ifdef HAVE_SYS_STAT_H
| # include <sys/stat.h>
| #endif
| #ifdef STDC_HEADERS
| # include <stdlib.h>
| # include <stddef.h>
| #else
| # ifdef HAVE_STDLIB_H
| #  include <stdlib.h>
| # endif
| #endif
| #ifdef HAVE_STRING_H
| # if !defined STDC_HEADERS && defined HAVE_MEMORY_H
| #  include <memory.h>
| # endif
| # include <string.h>
| #endif
| #ifdef HAVE_STRINGS_H
| # include <strings.h>
| #endif
| #ifdef HAVE_INTTYPES_H
| # include <inttypes.h>
| #endif
| #ifdef HAVE_STDINT_H
| # include <stdint.h>
| #endif
| #ifdef HAVE_UNISTD_H
| # include <unistd.h>
| #endif
| #include <luaconf.h>
configure:13587: result: no
configure:13587: checking luaconf.h presence
configure:13587: gcc -E   conftest.c
conftest.c:21:21: fatal error: luaconf.h: No such file or directory
 #include <luaconf.h>
                     ^
compilation terminated.
configure:13587: $? = 1
configure: failed program was:
| /* confdefs.h */
| #define PACKAGE_NAME "SILE"
| #define PACKAGE_TARNAME "sile"
| #define PACKAGE_VERSION "0.9.1"
| #define PACKAGE_STRING "SILE 0.9.1"
| #define PACKAGE_BUGREPORT "simon@simon-cozens.org"
| #define PACKAGE_URL ""
| #define STDC_HEADERS 1
| #define HAVE_SYS_TYPES_H 1
| #define HAVE_SYS_STAT_H 1
| #define HAVE_STDLIB_H 1
| #define HAVE_STRING_H 1
| #define HAVE_MEMORY_H 1
| #define HAVE_STRINGS_H 1
| #define HAVE_INTTYPES_H 1
| #define HAVE_STDINT_H 1
| #define HAVE_UNISTD_H 1
| #define HAVE_DLFCN_H 1
| #define LT_OBJDIR ".libs/"
| /* end confdefs.h.  */
| #include <luaconf.h>
configure:13587: result: no
configure:13587: checking for luaconf.h
configure:13587: result: no
configure:13611: checking for Lua headers in
configure:13613: result: /usr/include/lua5.1
configure:13626: checking lua.h usability
configure:13626: gcc -c -g -O2  -I/usr/include/lua5.1 conftest.c >&5
configure:13626: $? = 0
configure:13626: result: yes
configure:13626: checking lua.h presence
configure:13626: gcc -E  -I/usr/include/lua5.1 conftest.c
configure:13626: $? = 0
configure:13626: result: yes
configure:13626: checking for lua.h
configure:13626: result: yes
configure:13626: checking lualib.h usability
configure:13626: gcc -c -g -O2  -I/usr/include/lua5.1 conftest.c >&5
configure:13626: $? = 0
configure:13626: result: yes
configure:13626: checking lualib.h presence
configure:13626: gcc -E  -I/usr/include/lua5.1 conftest.c
configure:13626: $? = 0
configure:13626: result: yes
configure:13626: checking for lualib.h
configure:13626: result: yes
configure:13626: checking lauxlib.h usability
configure:13626: gcc -c -g -O2  -I/usr/include/lua5.1 conftest.c >&5
configure:13626: $? = 0
configure:13626: result: yes
configure:13626: checking lauxlib.h presence
configure:13626: gcc -E  -I/usr/include/lua5.1 conftest.c
configure:13626: $? = 0
configure:13626: result: yes
configure:13626: checking for lauxlib.h
configure:13626: result: yes
configure:13626: checking luaconf.h usability
configure:13626: gcc -c -g -O2  -I/usr/include/lua5.1 conftest.c >&5
configure:13626: $? = 0
configure:13626: result: yes
configure:13626: checking luaconf.h presence
configure:13626: gcc -E  -I/usr/include/lua5.1 conftest.c
configure:13626: $? = 0
configure:13626: result: yes
configure:13626: checking for luaconf.h
configure:13626: result: yes
configure:13649: checking for Lua header version
configure:13676: gcc -o conftest -g -O2  -I/usr/include/lua5.1  conftest.c  >&5
configure:13676: $? = 0
configure:13676: ./conftest
configure:13676: $? = 0
configure:13691: result: 5.1
configure:13694: checking if Lua header version matches 5.1
configure:13697: result: yes
configure:13727: checking for required Lua library lpeg
configure:13731: result: found
configure:13742: checking for required Lua library lxp
configure:13746: result: found
configure:13797: Configuring with harfbuzz backend
configure:13967: checking that generated files are newer than configure
configure:13973: result: done
configure:14004: creating ./config.status

## ---------------------- ##
## Running config.status. ##
## ---------------------- ##

This file was extended by SILE config.status 0.9.1, which was
generated by GNU Autoconf 2.69.  Invocation command line was

  CONFIG_FILES    = 
  CONFIG_HEADERS  = 
  CONFIG_LINKS    = 
  CONFIG_COMMANDS = 
  $ ./config.status 

on miles-Latitude-E5500

config.status:1034: creating Makefile
config.status:1034: creating src/Makefile
config.status:1034: creating sile
config.status:1206: executing depfiles commands
config.status:1206: executing libtool commands
configure:16110: === configuring in libtexpdf (/home/miles/Desktop/sile-0.9.1/libtexpdf)
configure:16173: running /bin/bash ./configure --disable-option-checking '--prefix=/usr/local'  --cache-file=/dev/null --srcdir=.

## ---------------- ##
## Cache variables. ##
## ---------------- ##

ac_cv_build=x86_64-unknown-linux-gnu
ac_cv_c_compiler_gnu=yes
ac_cv_env_CAIRO_CFLAGS_set=
ac_cv_env_CAIRO_CFLAGS_value=
ac_cv_env_CAIRO_LIBS_set=
ac_cv_env_CAIRO_LIBS_value=
ac_cv_env_CC_set=
ac_cv_env_CC_value=
ac_cv_env_CFLAGS_set=
ac_cv_env_CFLAGS_value=
ac_cv_env_CPPFLAGS_set=
ac_cv_env_CPPFLAGS_value=
ac_cv_env_CPP_set=
ac_cv_env_CPP_value=
ac_cv_env_FONTCONFIG_CFLAGS_set=
ac_cv_env_FONTCONFIG_CFLAGS_value=
ac_cv_env_FONTCONFIG_LIBS_set=
ac_cv_env_FONTCONFIG_LIBS_value=
ac_cv_env_FREETYPE_CFLAGS_set=
ac_cv_env_FREETYPE_CFLAGS_value=
ac_cv_env_FREETYPE_LIBS_set=
ac_cv_env_FREETYPE_LIBS_value=
ac_cv_env_HARFBUZZ_CFLAGS_set=
ac_cv_env_HARFBUZZ_CFLAGS_value=
ac_cv_env_HARFBUZZ_LIBS_set=
ac_cv_env_HARFBUZZ_LIBS_value=
ac_cv_env_LDFLAGS_set=
ac_cv_env_LDFLAGS_value=
ac_cv_env_LIBS_set=
ac_cv_env_LIBS_value=
ac_cv_env_LUA_INCLUDE_set=
ac_cv_env_LUA_INCLUDE_value=
ac_cv_env_LUA_set=
ac_cv_env_LUA_value=
ac_cv_env_PANGO_CFLAGS_set=
ac_cv_env_PANGO_CFLAGS_value=
ac_cv_env_PANGO_LIBS_set=
ac_cv_env_PANGO_LIBS_value=
ac_cv_env_PKG_CONFIG_LIBDIR_set=
ac_cv_env_PKG_CONFIG_LIBDIR_value=
ac_cv_env_PKG_CONFIG_PATH_set=
ac_cv_env_PKG_CONFIG_PATH_value=
ac_cv_env_PKG_CONFIG_set=
ac_cv_env_PKG_CONFIG_value=
ac_cv_env_build_alias_set=
ac_cv_env_build_alias_value=
ac_cv_env_host_alias_set=
ac_cv_env_host_alias_value=
ac_cv_env_target_alias_set=
ac_cv_env_target_alias_value=
ac_cv_func_dlopen=no
ac_cv_func_shl_load=no
ac_cv_header_dlfcn_h=yes
ac_cv_header_inttypes_h=yes
ac_cv_header_lauxlib_h=yes
ac_cv_header_lua_h=yes
ac_cv_header_luaconf_h=yes
ac_cv_header_lualib_h=yes
ac_cv_header_memory_h=yes
ac_cv_header_stdc=yes
ac_cv_header_stdint_h=yes
ac_cv_header_stdlib_h=yes
ac_cv_header_string_h=yes
ac_cv_header_strings_h=yes
ac_cv_header_sys_stat_h=yes
ac_cv_header_sys_types_h=yes
ac_cv_header_unistd_h=yes
ac_cv_host=x86_64-unknown-linux-gnu
ac_cv_lib_dl_dlopen=yes
ac_cv_lib_dld_shl_load=no
ac_cv_lib_harfbuzz_hb_shape=yes
ac_cv_objext=o
ac_cv_path_EGREP='/bin/grep -E'
ac_cv_path_FGREP='/bin/grep -F'
ac_cv_path_GREP=/bin/grep
ac_cv_path_LUA=/usr/bin/lua
ac_cv_path_SED=/bin/sed
ac_cv_path_ac_pt_PKG_CONFIG=/usr/bin/pkg-config
ac_cv_path_install='/usr/bin/install -c'
ac_cv_path_mkdir=/bin/mkdir
ac_cv_prog_AWK=gawk
ac_cv_prog_CPP='gcc -E'
ac_cv_prog_ac_ct_AR=ar
ac_cv_prog_ac_ct_CC=gcc
ac_cv_prog_ac_ct_MANIFEST_TOOL=mt
ac_cv_prog_ac_ct_OBJDUMP=objdump
ac_cv_prog_ac_ct_RANLIB=ranlib
ac_cv_prog_ac_ct_STRIP=strip
ac_cv_prog_cc_c89=
ac_cv_prog_cc_g=yes
ac_cv_prog_make_make_set=yes
am_cv_CC_dependencies_compiler_type=gcc3
am_cv_make_support_nested_variables=yes
am_cv_prog_cc_c_o=yes
am_cv_prog_tar_pax=gnutar
ax_cv_lua_header_version=5.1
ax_cv_lua_luadir='${prefix}/share/lua/5.1'
ax_cv_lua_luaexecdir='${exec_prefix}/lib/lua/5.1'
ax_cv_lua_platform=unknown
ax_cv_lua_version=5.1
ax_cv_pathless_LUA=lua
lt_cv_ar_at_file=@
lt_cv_archive_cmds_need_lc=no
lt_cv_deplibs_check_method=pass_all
lt_cv_dlopen=dlopen
lt_cv_dlopen_libs=-ldl
lt_cv_dlopen_self=yes
lt_cv_dlopen_self_static=no
lt_cv_file_magic_cmd='$MAGIC_CMD'
lt_cv_file_magic_test_file=
lt_cv_ld_reload_flag=-r
lt_cv_nm_interface='BSD nm'
lt_cv_objdir=.libs
lt_cv_path_LD=/usr/bin/ld
lt_cv_path_NM='/usr/bin/nm -B'
lt_cv_path_mainfest_tool=no
lt_cv_prog_compiler_c_o=yes
lt_cv_prog_compiler_pic='-fPIC -DPIC'
lt_cv_prog_compiler_pic_works=yes
lt_cv_prog_compiler_rtti_exceptions=no
lt_cv_prog_compiler_static_works=yes
lt_cv_prog_gnu_ld=yes
lt_cv_sharedlib_from_linklib_cmd='printf %s\n'
lt_cv_shlibpath_overrides_runpath=no
lt_cv_sys_global_symbol_pipe='sed -n -e '\''s/^.*[	 ]\([ABCDGIRSTW][ABCDGIRSTW]*\)[	 ][	 ]*\([_A-Za-z][_A-Za-z0-9]*\)$/\1 \2 \2/p'\'' | sed '\''/ __gnu_lto/d'\'''
lt_cv_sys_global_symbol_to_c_name_address='sed -n -e '\''s/^: \([^ ]*\)[ ]*$/  {\"\1\", (void *) 0},/p'\'' -e '\''s/^[ABCDGIRSTW]* \([^ ]*\) \([^ ]*\)$/  {"\2", (void *) \&\2},/p'\'''
lt_cv_sys_global_symbol_to_c_name_address_lib_prefix='sed -n -e '\''s/^: \([^ ]*\)[ ]*$/  {\"\1\", (void *) 0},/p'\'' -e '\''s/^[ABCDGIRSTW]* \([^ ]*\) \(lib[^ ]*\)$/  {"\2", (void *) \&\2},/p'\'' -e '\''s/^[ABCDGIRSTW]* \([^ ]*\) \([^ ]*\)$/  {"lib\2", (void *) \&\2},/p'\'''
lt_cv_sys_global_symbol_to_cdecl='sed -n -e '\''s/^T .* \(.*\)$/extern int \1();/p'\'' -e '\''s/^[ABCDGIRSTW]* .* \(.*\)$/extern char \1;/p'\'''
lt_cv_sys_max_cmd_len=1572864
lt_cv_to_host_file_cmd=func_convert_file_noop
lt_cv_to_tool_file_cmd=func_convert_file_noop
pkg_cv_FONTCONFIG_CFLAGS='-I/usr/include/freetype2  '
pkg_cv_FONTCONFIG_LIBS='-lfontconfig -lfreetype  '
pkg_cv_FREETYPE_CFLAGS='-I/usr/include/freetype2  '
pkg_cv_FREETYPE_LIBS='-lfreetype  '
pkg_cv_HARFBUZZ_CFLAGS='-I/usr/local/include/harfbuzz  '
pkg_cv_HARFBUZZ_LIBS='-L/usr/local/lib -lharfbuzz  '

## ----------------- ##
## Output variables. ##
## ----------------- ##

ACLOCAL='${SHELL} /home/miles/Desktop/sile-0.9.1/missing aclocal-1.14'
AMDEPBACKSLASH='\'
AMDEP_FALSE='#'
AMDEP_TRUE=''
AMTAR='$${TAR-tar}'
AM_BACKSLASH='\'
AM_DEFAULT_V='$(AM_DEFAULT_VERBOSITY)'
AM_DEFAULT_VERBOSITY='1'
AM_V='$(V)'
AR='ar'
AUTOCONF='${SHELL} /home/miles/Desktop/sile-0.9.1/missing autoconf'
AUTOHEADER='${SHELL} /home/miles/Desktop/sile-0.9.1/missing autoheader'
AUTOMAKE='${SHELL} /home/miles/Desktop/sile-0.9.1/missing automake-1.14'
AWK='gawk'
CAIRO_CFLAGS=''
CAIRO_LIBS=''
CC='gcc'
CCDEPMODE='depmode=gcc3'
CFLAGS='-g -O2'
CPP='gcc -E'
CPPFLAGS=''
CYGPATH_W='echo'
DEFS='-DPACKAGE_NAME=\"SILE\" -DPACKAGE_TARNAME=\"sile\" -DPACKAGE_VERSION=\"0.9.1\" -DPACKAGE_STRING=\"SILE\ 0.9.1\" -DPACKAGE_BUGREPORT=\"simon@simon-cozens.org\" -DPACKAGE_URL=\"\" -DSTDC_HEADERS=1 -DHAVE_SYS_TYPES_H=1 -DHAVE_SYS_STAT_H=1 -DHAVE_STDLIB_H=1 -DHAVE_STRING_H=1 -DHAVE_MEMORY_H=1 -DHAVE_STRINGS_H=1 -DHAVE_INTTYPES_H=1 -DHAVE_STDINT_H=1 -DHAVE_UNISTD_H=1 -DHAVE_DLFCN_H=1 -DLT_OBJDIR=\".libs/\" -DHAVE_LUA_H=1 -DHAVE_LUALIB_H=1 -DHAVE_LAUXLIB_H=1 -DHAVE_LUACONF_H=1 -DSILE_PATH=\"/usr/local/share/sile\"'
DEPDIR='.deps'
DLLTOOL='false'
DSYMUTIL=''
DUMPBIN=''
ECHO_C=''
ECHO_N='-n'
ECHO_T=''
EGREP='/bin/grep -E'
EXEEXT=''
FGREP='/bin/grep -F'
FONTCONFIG_CFLAGS='-I/usr/include/freetype2  '
FONTCONFIG_LIBS='-lfontconfig -lfreetype  '
FREETYPE_CFLAGS='-I/usr/include/freetype2  '
FREETYPE_LIBS='-lfreetype  '
GREP='/bin/grep'
HARFBUZZLIBTEXPDF_FALSE='#'
HARFBUZZLIBTEXPDF_TRUE=''
HARFBUZZ_CFLAGS='-I/usr/local/include/harfbuzz  '
HARFBUZZ_LIBS='-L/usr/local/lib -lharfbuzz  '
INSTALL_DATA='${INSTALL} -m 644'
INSTALL_PROGRAM='${INSTALL}'
INSTALL_SCRIPT='${INSTALL}'
INSTALL_STRIP_PROGRAM='$(install_sh) -c -s'
LD='/usr/bin/ld -m elf_x86_64'
LDFLAGS=''
LIBOBJS=''
LIBS=''
LIBTOOL='$(SHELL) $(top_builddir)/libtool'
LIPO=''
LN_S='ln -s'
LTLIBOBJS=''
LUA='/usr/bin/lua'
LUA_EXEC_PREFIX='${exec_prefix}'
LUA_INCLUDE='-I/usr/include/lua5.1'
LUA_PLATFORM='unknown'
LUA_PREFIX='${prefix}'
LUA_SHORT_VERSION='51'
LUA_VERSION='5.1'
MAKEINFO='${SHELL} /home/miles/Desktop/sile-0.9.1/missing makeinfo'
MANIFEST_TOOL=':'
MKDIR_P='/bin/mkdir -p'
NM='/usr/bin/nm -B'
NMEDIT=''
OBJDUMP='objdump'
OBJEXT='o'
OTOOL64=''
OTOOL=''
PACKAGE='sile'
PACKAGE_BUGREPORT='simon@simon-cozens.org'
PACKAGE_NAME='SILE'
PACKAGE_STRING='SILE 0.9.1'
PACKAGE_TARNAME='sile'
PACKAGE_URL=''
PACKAGE_VERSION='0.9.1'
PANGO_CFLAGS=''
PANGO_LIBS=''
PATH_SEPARATOR=':'
PKG_CONFIG='/usr/bin/pkg-config'
PKG_CONFIG_LIBDIR=''
PKG_CONFIG_PATH=''
RANLIB='ranlib'
SED='/bin/sed'
SET_MAKE=''
SHELL='/bin/bash'
SILE_PATH='/usr/local/share/sile'
STRIP='strip'
VERSION='0.9.1'
ac_ct_AR='ar'
ac_ct_CC='gcc'
ac_ct_DUMPBIN=''
am__EXEEXT_FALSE=''
am__EXEEXT_TRUE='#'
am__fastdepCC_FALSE='#'
am__fastdepCC_TRUE=''
am__include='include'
am__isrc=''
am__leading_dot='.'
am__nodep='_no'
am__quote=''
am__tar='tar --format=posix -chf - "$$tardir"'
am__untar='tar -xf -'
backend='harfbuzz'
bindir='${exec_prefix}/bin'
build='x86_64-unknown-linux-gnu'
build_alias=''
build_cpu='x86_64'
build_os='linux-gnu'
build_vendor='unknown'
datadir='${datarootdir}'
datarootdir='${prefix}/share'
docdir='${datarootdir}/doc/${PACKAGE_TARNAME}'
dvidir='${docdir}'
exec_prefix='${prefix}'
host='x86_64-unknown-linux-gnu'
host_alias=''
host_cpu='x86_64'
host_os='linux-gnu'
host_vendor='unknown'
htmldir='${docdir}'
includedir='${prefix}/include'
infodir='${datarootdir}/info'
install_sh='${SHELL} /home/miles/Desktop/sile-0.9.1/install-sh'
libdir='${exec_prefix}/lib'
libexecdir='${exec_prefix}/libexec'
localedir='${datarootdir}/locale'
localstatedir='${prefix}/var'
luadir='${prefix}/share/lua/5.1'
luaexecdir='${exec_prefix}/lib/lua/5.1'
mandir='${datarootdir}/man'
mkdir_p='$(MKDIR_P)'
oldincludedir='/usr/include'
pdfdir='${docdir}'
pkgluadir='${luadir}/sile'
pkgluaexecdir='${luaexecdir}/sile'
prefix='/usr/local'
program_transform_name='s,x,x,'
psdir='${docdir}'
sbindir='${exec_prefix}/sbin'
sharedstatedir='${prefix}/com'
subdirs=' libtexpdf'
sysconfdir='${prefix}/etc'
target_alias=''

## ----------- ##
## confdefs.h. ##
## ----------- ##

/* confdefs.h */
#define PACKAGE_NAME "SILE"
#define PACKAGE_TARNAME "sile"
#define PACKAGE_VERSION "0.9.1"
#define PACKAGE_STRING "SILE 0.9.1"
#define PACKAGE_BUGREPORT "simon@simon-cozens.org"
#define PACKAGE_URL ""
#define STDC_HEADERS 1
#define HAVE_SYS_TYPES_H 1
#define HAVE_SYS_STAT_H 1
#define HAVE_STDLIB_H 1
#define HAVE_STRING_H 1
#define HAVE_MEMORY_H 1
#define HAVE_STRINGS_H 1
#define HAVE_INTTYPES_H 1
#define HAVE_STDINT_H 1
#define HAVE_UNISTD_H 1
#define HAVE_DLFCN_H 1
#define LT_OBJDIR ".libs/"
#define HAVE_LUA_H 1
#define HAVE_LUALIB_H 1
#define HAVE_LAUXLIB_H 1
#define HAVE_LUACONF_H 1
#define SILE_PATH "/usr/local/share/sile"

configure: exit 0
