This is SILE 0.0.1
<sblgnt.sil><osis.sil><SBLGNT.osis.xml>Leaving hmode
Dealing with VBox VG<2>
I have 503.98425745pts left
Dealing with VBox VB<0|VB[hbox (!)]v0)
I have 503.98425745pts left
Dealing with VBox P(0|0)
I have 503.98425745pts left
Badness: 10000
Height total is 2
Target is 505.98425745
Glues for self page adjusted by nan
OUTPUTTING
[1] Leaving hmode
   Considering leading between self two lines
   Depth of previous line was 0
Dealing with VBox VG<6.9404296875 plus 2>
I have 22.8233501625pts left
Dealing with VBox VB<6.0595703125|VB[hbox 1 (!)]v0.0009765625)
I have 16.7628032875pts left
Dealing with VBox P(0|0)
I have 16.7628032875pts left
Badness: 4710.206481336
Height total is 13.0009765625
Target is 0
Glues for self page adjusted by -inf
OUTPUTTING
Leaving hmode
Dealing with VBox P(0|-10000)
I have 505.98425745pts left
Badness: 10000
self is worse
Height total is 0
Target is 505.98425745
Glues for self page adjusted by nan
OUTPUTTING
Dealing with VBox VG<15>
I have 490.98425745pts left
Dealing with VBox VB<0|VB[hbox (!)]v0)
I have 490.98425745pts left
Dealing with VBox P(0|0)
I have 490.98425745pts left
Badness: 10000
Height total is 15
Target is 505.98425745
Glues for self page adjusted by nan
OUTPUTTING
[2] Leaving hmode
   Considering leading between self two lines
   Depth of previous line was 0
Dealing with VBox VG<15>
I have 14.76377985pts left
Dealing with VBox VB<6.0595703125|VB[hbox 2 (!)]v0.0009765625)
I have 8.703232975pts left
Dealing with VBox P(0|0)
I have 8.703232975pts left
Badness: 659.23738446756
Height total is 21.060546875
Target is 0
Glues for self page adjusted by -inf
OUTPUTTING
Leaving hmode
Dealing with VBox P(0|-10000)
I have 505.98425745pts left
Badness: 10000
self is worse
Height total is 0
Target is 505.98425745
Glues for self page adjusted by nan
OUTPUTTING
Dealing with VBox VG<15>
I have 490.98425745pts left
Dealing with VBox VB<0|VB[hbox (!)]v0)
I have 490.98425745pts left
Dealing with VBox P(0|0)
I have 490.98425745pts left
Badness: 10000
Leaving hmode
Dealing with VBox VG<30>
I have 460.98425745pts left
Dealing with VBox VG<15>
I have 445.98425745pts left
Dealing with VBox VB<13.76953125|VB[hbox  Li_ce_nse (!)]v1.23046875)
I have 430.98425745pts left
Dealing with VBox P(0|0)
I have 430.98425745pts left
Badness: 10000
Leaving hmode
Dealing with VBox VG<15>
I have 415.98425745pts left
Dealing with VBox VG<15>
I have 400.98425745pts left
Dealing with VBox VB<7.34765625|VB[hbox   See SBLGNT.com for li_ce_nse de_ta_i_ls. (!)]v7.65234375)
I have 385.98425745pts left
Dealing with VBox P(0|0)
I have 385.98425745pts left
Badness: 10000
Leaving hmode
Dealing with VBox VG<15>
I have 370.98425745pts left
Dealing with VBox VB<0|VB[hbox (!)]v0)
I have 370.98425745pts left
Dealing with VBox P(0|0)
I have 370.98425745pts left
Badness: 10000
Height total is 135
Target is 505.98425745
Glues for self page adjusted by nan
OUTPUTTING
[3] Leaving hmode
   Considering leading between self two lines
   Depth of previous line was 0
Dealing with VBox VG<15>
I have 14.76377985pts left
Dealing with VBox VB<6.0595703125|VB[hbox 3 (!)]v0.119140625)
I have 8.5850689125pts left
Dealing with VBox P(0|0)
I have 8.5850689125pts left
Badness: 632.74883876105
Height total is 21.1787109375
Target is 0
Glues for self page adjusted by -inf
OUTPUTTING
Leaving hmode
Dealing with VBox P(0|-10000)
I have 47.62204776pts left
Badness: 10000
self is worse
Height total is 0
Target is 47.62204776
Glues for self page adjusted by nan
OUTPUTTING
Dealing with VBox VG<15>
I have 32.62204776pts left
Dealing with VBox VB<0|VB[hbox (!)]v0)
I have 32.62204776pts left
Dealing with VBox P(0|0)
I have 32.62204776pts left
Badness: 10000
Leaving hmode
Dealing with VBox VG<30>
I have 389.55118581pts left
Dealing with VBox VG<15>
I have 374.55118581pts left
Dealing with VBox VB<14.1796875|VB[hbox  ΚΑΤΑ ΜΑΘΘΑΙΟΝ ]v0.8203125)
I have 359.55118581pts left
Dealing with VBox P(0|0)
I have 359.55118581pts left
Badness: 10000
 (1) Leaving hmode
Dealing with VBox VG<15>
I have 344.55118581pts left
Dealing with VBox VG<15>
I have 329.55118581pts left
Dealing with VBox VB<0|VB[hbox (!)]v0)
I have 329.55118581pts left
Dealing with VBox P(0|0)
I have 329.55118581pts left
Badness: 10000
Leaving hmode
Dealing with VBox VG<15>
I have 314.55118581pts left
Dealing with VBox VB<12.0478515625|VB[hbox Ch_a_pter 1 (!)]v17.9521484375)
I have 284.55118581pts left
Dealing with VBox P(0|0)
I have 284.55118581pts left
Badness: 10000
Leaving hmode
Dealing with VBox P(0|10000)
I have 284.55118581pts left
Badness: 10000
Dealing with VBox VG<15>
I have 269.55118581pts left
Dealing with VBox VB<7.228515625|VB[hbox 1  Βί_βλος γε_νέ_σε_ως Ἰη_σοῦ χρι_στοῦ υἱ_οῦ ]v7.771484375)
I have 254.55118581pts left
Dealing with VBox P(0|5000)
I have 254.55118581pts left
Badness: 10000
Dealing with VBox VB<7.228515625|VB[Δαυὶδ υἱ_οῦ Ἀβρα_άμ. (!)]v7.771484375)
I have 239.55118581pts left
Dealing with VBox P(0|5000)
I have 239.55118581pts left
Badness: 10000
Leaving hmode
Dealing with VBox VG<15>
I have 224.55118581pts left
Dealing with VBox VB<7.228515625|VB[hbox  2  Ἀβρα_ὰμ ἐ_γέν_νη_σεν τὸν Ἰσα_άκ, Ἰσα_ὰκ ]v7.771484375)
I have 209.55118581pts left
Dealing with VBox P(0|5000)
I have 209.55118581pts left
Badness: 10000
Dealing with VBox VB<7.228515625|VB[δὲ ἐ_γέν_νη_σεν τὸν Ἰα_κώβ, Ἰα_κὼβ δὲ ἐ_γέν_νη-]v7.771484375)
I have 194.55118581pts left
Dealing with VBox P(0|0)
I have 194.55118581pts left
Badness: 10000
Dealing with VBox VB<7.228515625|VB[σεν τὸν Ἰού_δαν καὶ τοὺς ἀ_δελ_φοὺς αὐ_τοῦ, 3 ]v7.771484375)
I have 179.55118581pts left
Dealing with VBox P(0|0)
I have 179.55118581pts left
Badness: 10000
Dealing with VBox VB<7.228515625|VB[ Ἰού_δας δὲ ἐ_γέν_νη_σεν τὸν Φα_ρὲς καὶ τὸν Ζά-]v7.771484375)
I have 164.55118581pts left
Dealing with VBox P(0|0)
I have 164.55118581pts left
Badness: 10000
Dealing with VBox VB<7.228515625|VB[ρα ἐκ τῆς Θα_μάρ, Φα_ρὲς δὲ ἐ_γέν_νη_σεν τὸν ]v7.771484375)
I have 149.55118581pts left
Dealing with VBox P(0|0)
I have 149.55118581pts left
Badness: 10000
Dealing with VBox VB<7.228515625|VB[Ἑσ_ρώμ, Ἑσ_ρὼμ δὲ ἐ_γέν_νη_σεν τὸν Ἀράμ, 4 ]v7.771484375)
I have 134.55118581pts left
Dealing with VBox P(0|0)
I have 134.55118581pts left
Badness: 10000
Dealing with VBox VB<7.228515625|VB[ Ἀρὰμ δὲ ἐ_γέν_νη_σεν τὸν Ἀμι_να_δάβ, Ἀμι_να-]v7.771484375)
I have 119.55118581pts left
Dealing with VBox P(0|0)
I have 119.55118581pts left
Badness: 10000
Dealing with VBox VB<7.228515625|VB[δὰβ δὲ ἐ_γέν_νη_σεν τὸν Να_ασ_σών, Να_ασ_σὼν ]v7.771484375)
I have 104.55118581pts left
Dealing with VBox P(0|0)
I have 104.55118581pts left
Badness: 10000
Dealing with VBox VB<7.228515625|VB[δὲ ἐ_γέν_νη_σεν τὸν Σαλ_μών, 5  Σαλ_μὼν δὲ ἐ-]v7.771484375)
I have 89.55118581pts left
Dealing with VBox P(0|0)
I have 89.55118581pts left
Badness: 10000
Dealing with VBox VB<7.228515625|VB[γέν_νη_σεν τὸν ⸂Βό_ες ἐκ τῆς Ῥα_χάβ, Βό_ες⸃ δὲ ]v7.771484375)
I have 74.55118581pts left
Dealing with VBox P(0|0)
I have 74.55118581pts left
Badness: 10000
Dealing with VBox VB<7.228515625|VB[ἐ_γέν_νη_σεν τὸν ⸂Ἰω_βὴδ ἐκ τῆς Ῥούθ, Ἰω_βὴδ⸃ ]v7.771484375)
I have 59.55118581pts left
Dealing with VBox P(0|0)
I have 59.55118581pts left
Badness: 10000
Dealing with VBox VB<7.228515625|VB[δὲ ἐ_γέν_νη_σεν τὸν Ἰεσ_σαί, 6  Ἰεσ_σαὶ δὲ ἐ_γέν-]v7.771484375)
I have 44.55118581pts left
Dealing with VBox P(0|0)
I have 44.55118581pts left
Badness: 10000
Dealing with VBox VB<7.228515625|VB[νη_σεν τὸν Δαυὶδ τὸν βα_σι_λέα. (!)]v7.771484375)
I have 29.55118581pts left
Dealing with VBox P(0|5000)
I have 29.55118581pts left
Badness: 10000
Leaving hmode
Dealing with VBox VG<15>
I have 14.55118581pts left
Dealing with VBox VB<7.228515625|VB[hbox  Δαυὶδ ⸀δὲ ἐ_γέν_νη_σεν τὸν Σο_λο_μῶ_να ἐκ ]v7.771484375)
I have -0.44881419000001pts left
Badness: 10000
Dealing with VBox P(0|5000)
I have -0.44881419000001pts left
Badness: 10000
Dealing with VBox VB<7.228515625|VB[τῆς τοῦ Οὐ_ρί_ου, 7  Σο_λο_μὼν δὲ ἐ_γέν_νη_σεν ]v7.771484375)
I have -15.44881419pts left
Badness: 10000
Dealing with VBox P(0|0)
I have -15.44881419pts left
Badness: 10000
Dealing with VBox VB<7.228515625|VB[τὸν Ῥο_βο_άμ, Ῥο_βο_ὰμ δὲ ἐ_γέν_νη_σεν τὸν Ἀβιά, ]v7.771484375)
I have -30.44881419pts left

! 
Catastrophic page breaking failure!
