This file contains any messages produced by compilers while
running configure, to aid debugging if configure makes a mistake.

It was created by libtexpdf configure 20140927, which was
generated by GNU Autoconf 2.69.  Invocation command line was

  $ ./configure --disable-option-checking --prefix=/usr/local --cache-file=/dev/null --srcdir=.

## --------- ##
## Platform. ##
## --------- ##

hostname = miles-Latitude-E5500
uname -m = x86_64
uname -r = 3.13.0-32-generic
uname -s = Linux
uname -v = #57-Ubuntu SMP Tue Jul 15 03:51:08 UTC 2014

/usr/bin/uname -p = unknown
/bin/uname -X     = unknown

/bin/arch              = unknown
/usr/bin/arch -k       = unknown
/usr/convex/getsysinfo = unknown
/usr/bin/hostinfo      = unknown
/bin/machine           = unknown
/usr/bin/oslevel       = unknown
/bin/universe          = unknown

PATH: /usr/local/sbin
PATH: /usr/local/bin
PATH: /usr/sbin
PATH: /usr/bin
PATH: /sbin
PATH: /bin
PATH: /usr/games
PATH: /usr/local/games


## ----------- ##
## Core tests. ##
## ----------- ##

configure:2757: checking for a BSD-compatible install
configure:2825: result: /usr/bin/install -c
configure:2836: checking whether build environment is sane
configure:2891: result: yes
configure:3042: checking for a thread-safe mkdir -p
configure:3081: result: /bin/mkdir -p
configure:3088: checking for gawk
configure:3104: found /usr/bin/gawk
configure:3115: result: gawk
configure:3126: checking whether make sets $(MAKE)
configure:3148: result: yes
configure:3177: checking whether make supports nested variables
configure:3194: result: yes
configure:3217: checking for style of include used by make
configure:3245: result: GNU
configure:3316: checking for gcc
configure:3332: found /usr/bin/gcc
configure:3343: result: gcc
configure:3572: checking for C compiler version
configure:3581: gcc --version >&5
gcc (Ubuntu 4.8.2-19ubuntu1) 4.8.2
Copyright (C) 2013 Free Software Foundation, Inc.
This is free software; see the source for copying conditions.  There is NO
warranty; not even for MERCHANTABILITY or FITNESS FOR A PARTICULAR PURPOSE.

configure:3592: $? = 0
configure:3581: gcc -v >&5
Using built-in specs.
COLLECT_GCC=gcc
COLLECT_LTO_WRAPPER=/usr/lib/gcc/x86_64-linux-gnu/4.8/lto-wrapper
Target: x86_64-linux-gnu
Configured with: ../src/configure -v --with-pkgversion='Ubuntu 4.8.2-19ubuntu1' --with-bugurl=file:///usr/share/doc/gcc-4.8/README.Bugs --enable-languages=c,c++,java,go,d,fortran,objc,obj-c++ --prefix=/usr --program-suffix=-4.8 --enable-shared --enable-linker-build-id --libexecdir=/usr/lib --without-included-gettext --enable-threads=posix --with-gxx-include-dir=/usr/include/c++/4.8 --libdir=/usr/lib --enable-nls --with-sysroot=/ --enable-clocale=gnu --enable-libstdcxx-debug --enable-libstdcxx-time=yes --enable-gnu-unique-object --disable-libmudflap --enable-plugin --with-system-zlib --disable-browser-plugin --enable-java-awt=gtk --enable-gtk-cairo --with-java-home=/usr/lib/jvm/java-1.5.0-gcj-4.8-amd64/jre --enable-java-home --with-jvm-root-dir=/usr/lib/jvm/java-1.5.0-gcj-4.8-amd64 --with-jvm-jar-dir=/usr/lib/jvm-exports/java-1.5.0-gcj-4.8-amd64 --with-arch-directory=amd64 --with-ecj-jar=/usr/share/java/eclipse-ecj.jar --enable-objc-gc --enable-multiarch --disable-werror --with-arch-32=i686 --with-abi=m64 --with-multilib-list=m32,m64,mx32 --with-tune=generic --enable-checking=release --build=x86_64-linux-gnu --host=x86_64-linux-gnu --target=x86_64-linux-gnu
Thread model: posix
gcc version 4.8.2 (Ubuntu 4.8.2-19ubuntu1) 
configure:3592: $? = 0
configure:3581: gcc -V >&5
gcc: error: unrecognized command line option '-V'
gcc: fatal error: no input files
compilation terminated.
configure:3592: $? = 4
configure:3581: gcc -qversion >&5
gcc: error: unrecognized command line option '-qversion'
gcc: fatal error: no input files
compilation terminated.
configure:3592: $? = 4
configure:3612: checking whether the C compiler works
configure:3634: gcc    conftest.c  >&5
configure:3638: $? = 0
configure:3686: result: yes
configure:3689: checking for C compiler default output file name
configure:3691: result: a.out
configure:3697: checking for suffix of executables
configure:3704: gcc -o conftest    conftest.c  >&5
configure:3708: $? = 0
configure:3730: result: 
configure:3752: checking whether we are cross compiling
configure:3760: gcc -o conftest    conftest.c  >&5
configure:3764: $? = 0
configure:3771: ./conftest
configure:3775: $? = 0
configure:3790: result: no
configure:3795: checking for suffix of object files
configure:3817: gcc -c   conftest.c >&5
configure:3821: $? = 0
configure:3842: result: o
configure:3846: checking whether we are using the GNU C compiler
configure:3865: gcc -c   conftest.c >&5
configure:3865: $? = 0
configure:3874: result: yes
configure:3883: checking whether gcc accepts -g
configure:3903: gcc -c -g  conftest.c >&5
configure:3903: $? = 0
configure:3944: result: yes
configure:3961: checking for gcc option to accept ISO C89
configure:4024: gcc  -c -g -O2  conftest.c >&5
configure:4024: $? = 0
configure:4037: result: none needed
configure:4062: checking whether gcc understands -c and -o together
configure:4084: gcc -c conftest.c -o conftest2.o
configure:4087: $? = 0
configure:4084: gcc -c conftest.c -o conftest2.o
configure:4087: $? = 0
configure:4099: result: yes
configure:4118: checking dependency style of gcc
configure:4229: result: gcc3
configure:4274: checking build system type
configure:4288: result: x86_64-unknown-linux-gnu
configure:4308: checking host system type
configure:4321: result: x86_64-unknown-linux-gnu
configure:4362: checking how to print strings
configure:4389: result: printf
configure:4410: checking for a sed that does not truncate output
configure:4474: result: /bin/sed
configure:4492: checking for grep that handles long lines and -e
configure:4550: result: /bin/grep
configure:4555: checking for egrep
configure:4617: result: /bin/grep -E
configure:4622: checking for fgrep
configure:4684: result: /bin/grep -F
configure:4719: checking for ld used by gcc
configure:4786: result: /usr/bin/ld
configure:4793: checking if the linker (/usr/bin/ld) is GNU ld
configure:4808: result: yes
configure:4820: checking for BSD- or MS-compatible name lister (nm)
configure:4869: result: /usr/bin/nm -B
configure:4999: checking the name lister (/usr/bin/nm -B) interface
configure:5006: gcc -c -g -O2  conftest.c >&5
configure:5009: /usr/bin/nm -B "conftest.o"
configure:5012: output
0000000000000000 B some_variable
configure:5019: result: BSD nm
configure:5022: checking whether ln -s works
configure:5026: result: yes
configure:5034: checking the maximum length of command line arguments
configure:5164: result: 1572864
configure:5181: checking whether the shell understands some XSI constructs
configure:5191: result: yes
configure:5195: checking whether the shell understands "+="
configure:5201: result: yes
configure:5236: checking how to convert x86_64-unknown-linux-gnu file names to x86_64-unknown-linux-gnu format
configure:5276: result: func_convert_file_noop
configure:5283: checking how to convert x86_64-unknown-linux-gnu file names to toolchain format
configure:5303: result: func_convert_file_noop
configure:5310: checking for /usr/bin/ld option to reload object files
configure:5317: result: -r
configure:5391: checking for objdump
configure:5407: found /usr/bin/objdump
configure:5418: result: objdump
configure:5447: checking how to recognize dependent libraries
configure:5649: result: pass_all
configure:5734: checking for dlltool
configure:5764: result: no
configure:5791: checking how to associate runtime and link libraries
configure:5818: result: printf %s\n
configure:5878: checking for ar
configure:5894: found /usr/bin/ar
configure:5905: result: ar
configure:5942: checking for archiver @FILE support
configure:5959: gcc -c -g -O2  conftest.c >&5
configure:5959: $? = 0
configure:5962: ar cru libconftest.a @conftest.lst >&5
configure:5965: $? = 0
configure:5970: ar cru libconftest.a @conftest.lst >&5
ar: conftest.o: No such file or directory
configure:5973: $? = 1
configure:5985: result: @
configure:6043: checking for strip
configure:6059: found /usr/bin/strip
configure:6070: result: strip
configure:6142: checking for ranlib
configure:6158: found /usr/bin/ranlib
configure:6169: result: ranlib
configure:6271: checking command to parse /usr/bin/nm -B output from gcc object
configure:6391: gcc -c -g -O2  conftest.c >&5
configure:6394: $? = 0
configure:6398: /usr/bin/nm -B conftest.o \| sed -n -e 's/^.*[ ]\([ABCDGIRSTW][ABCDGIRSTW]*\)[ ][ ]*\([_A-Za-z][_A-Za-z0-9]*\)$/\1 \2 \2/p' | sed '/ __gnu_lto/d' \> conftest.nm
configure:6401: $? = 0
configure:6467: gcc -o conftest -g -O2   conftest.c conftstm.o >&5
configure:6470: $? = 0
configure:6508: result: ok
configure:6545: checking for sysroot
configure:6575: result: no
configure:6652: gcc -c -g -O2  conftest.c >&5
configure:6655: $? = 0
configure:6831: checking for mt
configure:6847: found /bin/mt
configure:6858: result: mt
configure:6881: checking if mt is a manifest tool
configure:6887: mt '-?'
configure:6895: result: no
configure:7537: checking how to run the C preprocessor
configure:7568: gcc -E  conftest.c
configure:7568: $? = 0
configure:7582: gcc -E  conftest.c
conftest.c:9:28: fatal error: ac_nonexistent.h: No such file or directory
 #include <ac_nonexistent.h>
                            ^
compilation terminated.
configure:7582: $? = 1
configure: failed program was:
| /* confdefs.h */
| #define PACKAGE_NAME "libtexpdf"
| #define PACKAGE_TARNAME "libtexpdf"
| #define PACKAGE_VERSION "20140927"
| #define PACKAGE_STRING "libtexpdf 20140927"
| #define PACKAGE_BUGREPORT "tex-k@tug.org"
| #define PACKAGE_URL ""
| /* end confdefs.h.  */
| #include <ac_nonexistent.h>
configure:7607: result: gcc -E
configure:7627: gcc -E  conftest.c
configure:7627: $? = 0
configure:7641: gcc -E  conftest.c
conftest.c:9:28: fatal error: ac_nonexistent.h: No such file or directory
 #include <ac_nonexistent.h>
                            ^
compilation terminated.
configure:7641: $? = 1
configure: failed program was:
| /* confdefs.h */
| #define PACKAGE_NAME "libtexpdf"
| #define PACKAGE_TARNAME "libtexpdf"
| #define PACKAGE_VERSION "20140927"
| #define PACKAGE_STRING "libtexpdf 20140927"
| #define PACKAGE_BUGREPORT "tex-k@tug.org"
| #define PACKAGE_URL ""
| /* end confdefs.h.  */
| #include <ac_nonexistent.h>
configure:7670: checking for ANSI C header files
configure:7690: gcc -c -g -O2  conftest.c >&5
configure:7690: $? = 0
configure:7763: gcc -o conftest -g -O2   conftest.c  >&5
configure:7763: $? = 0
configure:7763: ./conftest
configure:7763: $? = 0
configure:7774: result: yes
configure:7787: checking for sys/types.h
configure:7787: gcc -c -g -O2  conftest.c >&5
configure:7787: $? = 0
configure:7787: result: yes
configure:7787: checking for sys/stat.h
configure:7787: gcc -c -g -O2  conftest.c >&5
configure:7787: $? = 0
configure:7787: result: yes
configure:7787: checking for stdlib.h
configure:7787: gcc -c -g -O2  conftest.c >&5
configure:7787: $? = 0
configure:7787: result: yes
configure:7787: checking for string.h
configure:7787: gcc -c -g -O2  conftest.c >&5
configure:7787: $? = 0
configure:7787: result: yes
configure:7787: checking for memory.h
configure:7787: gcc -c -g -O2  conftest.c >&5
configure:7787: $? = 0
configure:7787: result: yes
configure:7787: checking for strings.h
configure:7787: gcc -c -g -O2  conftest.c >&5
configure:7787: $? = 0
configure:7787: result: yes
configure:7787: checking for inttypes.h
configure:7787: gcc -c -g -O2  conftest.c >&5
configure:7787: $? = 0
configure:7787: result: yes
configure:7787: checking for stdint.h
configure:7787: gcc -c -g -O2  conftest.c >&5
configure:7787: $? = 0
configure:7787: result: yes
configure:7787: checking for unistd.h
configure:7787: gcc -c -g -O2  conftest.c >&5
configure:7787: $? = 0
configure:7787: result: yes
configure:7801: checking for dlfcn.h
configure:7801: gcc -c -g -O2  conftest.c >&5
configure:7801: $? = 0
configure:7801: result: yes
configure:7928: checking whether to enable maintainer-specific portions of Makefiles
configure:7937: result: no
configure:7950: checking whether the compiler accepts prototypes
configure:7966: gcc -o conftest -g -O2   conftest.c  >&5
configure:7966: $? = 0
configure:7974: result: yes
configure:8474: checking for objdir
configure:8489: result: .libs
configure:8760: checking if gcc supports -fno-rtti -fno-exceptions
configure:8778: gcc -c -g -O2  -fno-rtti -fno-exceptions conftest.c >&5
cc1: warning: command line option '-fno-rtti' is valid for C++/ObjC++ but not for C [enabled by default]
configure:8782: $? = 0
configure:8795: result: no
configure:9122: checking for gcc option to produce PIC
configure:9129: result: -fPIC -DPIC
configure:9137: checking if gcc PIC flag -fPIC -DPIC works
configure:9155: gcc -c -g -O2  -fPIC -DPIC -DPIC conftest.c >&5
configure:9159: $? = 0
configure:9172: result: yes
configure:9201: checking if gcc static flag -static works
configure:9229: result: yes
configure:9244: checking if gcc supports -c -o file.o
configure:9265: gcc -c -g -O2  -o out/conftest2.o conftest.c >&5
configure:9269: $? = 0
configure:9291: result: yes
configure:9299: checking if gcc supports -c -o file.o
configure:9346: result: yes
configure:9379: checking whether the gcc linker (/usr/bin/ld -m elf_x86_64) supports shared libraries
configure:10532: result: yes
configure:10569: checking whether -lc should be explicitly linked in
configure:10577: gcc -c -g -O2  conftest.c >&5
configure:10580: $? = 0
configure:10595: gcc -shared  -fPIC -DPIC conftest.o  -v -Wl,-soname -Wl,conftest -o conftest 2\>\&1 \| /bin/grep  -lc  \>/dev/null 2\>\&1
configure:10598: $? = 0
configure:10612: result: no
configure:10772: checking dynamic linker characteristics
configure:11283: gcc -o conftest -g -O2   -Wl,-rpath -Wl,/foo conftest.c  >&5
configure:11283: $? = 0
configure:11505: result: GNU/Linux ld.so
configure:11612: checking how to hardcode library paths into programs
configure:11637: result: immediate
configure:12177: checking whether stripping libraries is possible
configure:12182: result: yes
configure:12217: checking if libtool supports shared libraries
configure:12219: result: yes
configure:12222: checking whether to build shared libraries
configure:12243: result: yes
configure:12246: checking whether to build static libraries
configure:12250: result: yes
configure:12294: checking for special C compiler options needed for large files
configure:12339: result: no
configure:12345: checking for _FILE_OFFSET_BITS value needed for large files
configure:12370: gcc -c -g -O2  conftest.c >&5
configure:12370: $? = 0
configure:12402: result: no
configure:12487: checking for _LARGEFILE_SOURCE value needed for large files
configure:12506: gcc -o conftest -g -O2   conftest.c  >&5
configure:12506: $? = 0
configure:12534: result: no
configure:12558: checking for dirent.h that defines DIR
configure:12577: gcc -c -g -O2  conftest.c >&5
configure:12577: $? = 0
configure:12585: result: yes
configure:12598: checking for library containing opendir
configure:12629: gcc -o conftest -g -O2   conftest.c  >&5
configure:12629: $? = 0
configure:12646: result: none required
configure:12713: checking for ANSI C header files
configure:12817: result: yes
configure:12825: checking whether closedir returns void
configure:12849: gcc -o conftest -g -O2   conftest.c  >&5
configure:12849: $? = 0
configure:12849: ./conftest
configure:12849: $? = 0
configure:12859: result: no
configure:12870: checking assert.h usability
configure:12870: gcc -c -g -O2  conftest.c >&5
configure:12870: $? = 0
configure:12870: result: yes
configure:12870: checking assert.h presence
configure:12870: gcc -E  conftest.c
configure:12870: $? = 0
configure:12870: result: yes
configure:12870: checking for assert.h
configure:12870: result: yes
configure:12870: checking float.h usability
configure:12870: gcc -c -g -O2  conftest.c >&5
configure:12870: $? = 0
configure:12870: result: yes
configure:12870: checking float.h presence
configure:12870: gcc -E  conftest.c
configure:12870: $? = 0
configure:12870: result: yes
configure:12870: checking for float.h
configure:12870: result: yes
configure:12870: checking limits.h usability
configure:12870: gcc -c -g -O2  conftest.c >&5
configure:12870: $? = 0
configure:12870: result: yes
configure:12870: checking limits.h presence
configure:12870: gcc -E  conftest.c
configure:12870: $? = 0
configure:12870: result: yes
configure:12870: checking for limits.h
configure:12870: result: yes
configure:12870: checking pwd.h usability
configure:12870: gcc -c -g -O2  conftest.c >&5
configure:12870: $? = 0
configure:12870: result: yes
configure:12870: checking pwd.h presence
configure:12870: gcc -E  conftest.c
configure:12870: $? = 0
configure:12870: result: yes
configure:12870: checking for pwd.h
configure:12870: result: yes
configure:12870: checking for stdlib.h
configure:12870: result: yes
configure:12870: checking sys/param.h usability
configure:12870: gcc -c -g -O2  conftest.c >&5
configure:12870: $? = 0
configure:12870: result: yes
configure:12870: checking sys/param.h presence
configure:12870: gcc -E  conftest.c
configure:12870: $? = 0
configure:12870: result: yes
configure:12870: checking for sys/param.h
configure:12870: result: yes
configure:12883: checking for putenv
configure:12883: gcc -o conftest -g -O2   conftest.c  >&5
configure:12883: $? = 0
configure:12883: result: yes
configure:12883: checking for strcasecmp
configure:12883: gcc -o conftest -g -O2   conftest.c  >&5
conftest.c:56:6: warning: conflicting types for built-in function 'strcasecmp' [enabled by default]
 char strcasecmp ();
      ^
configure:12883: $? = 0
configure:12883: result: yes
configure:12883: checking for strtol
configure:12883: gcc -o conftest -g -O2   conftest.c  >&5
configure:12883: $? = 0
configure:12883: result: yes
configure:12883: checking for strstr
configure:12883: gcc -o conftest -g -O2   conftest.c  >&5
conftest.c:58:6: warning: conflicting types for built-in function 'strstr' [enabled by default]
 char strstr ();
      ^
configure:12883: $? = 0
configure:12883: result: yes
configure:12895: checking for getcwd
configure:12895: gcc -o conftest -g -O2   conftest.c  >&5
configure:12895: $? = 0
configure:12895: result: yes
configure:12895: checking for getwd
configure:12895: gcc -o conftest -g -O2   conftest.c  >&5
/tmp/cclrI4JF.o: In function `main':
/home/miles/Desktop/sile/sile-0.9.1/libtexpdf/conftest.c:71: warning: the `getwd' function is dangerous and should not be used.
configure:12895: $? = 0
configure:12895: result: yes
configure:12895: checking for memcmp
configure:12895: gcc -o conftest -g -O2   conftest.c  >&5
conftest.c:61:6: warning: conflicting types for built-in function 'memcmp' [enabled by default]
 char memcmp ();
      ^
configure:12895: $? = 0
configure:12895: result: yes
configure:12895: checking for memcpy
configure:12895: gcc -o conftest -g -O2   conftest.c  >&5
conftest.c:62:6: warning: conflicting types for built-in function 'memcpy' [enabled by default]
 char memcpy ();
      ^
configure:12895: $? = 0
configure:12895: result: yes
configure:12895: checking for mkstemp
configure:12895: gcc -o conftest -g -O2   conftest.c  >&5
configure:12895: $? = 0
configure:12895: result: yes
configure:12895: checking for mktemp
configure:12895: gcc -o conftest -g -O2   conftest.c  >&5
/tmp/ccDQGJAY.o: In function `main':
/home/miles/Desktop/sile/sile-0.9.1/libtexpdf/conftest.c:75: warning: the use of `mktemp' is dangerous, better use `mkstemp' or `mkdtemp'
configure:12895: $? = 0
configure:12895: result: yes
configure:12895: checking for strchr
configure:12895: gcc -o conftest -g -O2   conftest.c  >&5
conftest.c:65:6: warning: conflicting types for built-in function 'strchr' [enabled by default]
 char strchr ();
      ^
configure:12895: $? = 0
configure:12895: result: yes
configure:12895: checking for strrchr
configure:12895: gcc -o conftest -g -O2   conftest.c  >&5
conftest.c:66:6: warning: conflicting types for built-in function 'strrchr' [enabled by default]
 char strrchr ();
      ^
configure:12895: $? = 0
configure:12895: result: yes
configure:12904: checking for an ANSI C-conforming const
configure:12970: gcc -c -g -O2  conftest.c >&5
configure:12970: $? = 0
configure:12977: result: yes
configure:12985: checking for inline
configure:13001: gcc -c -g -O2  conftest.c >&5
configure:13001: $? = 0
configure:13009: result: inline
configure:13027: checking for size_t
configure:13027: gcc -c -g -O2  conftest.c >&5
configure:13027: $? = 0
configure:13027: gcc -c -g -O2  conftest.c >&5
conftest.c: In function 'main':
conftest.c:80:21: error: expected expression before ')' token
 if (sizeof ((size_t)))
                     ^
configure:13027: $? = 1
configure: failed program was:
| /* confdefs.h */
| #define PACKAGE_NAME "libtexpdf"
| #define PACKAGE_TARNAME "libtexpdf"
| #define PACKAGE_VERSION "20140927"
| #define PACKAGE_STRING "libtexpdf 20140927"
| #define PACKAGE_BUGREPORT "tex-k@tug.org"
| #define PACKAGE_URL ""
| #define STDC_HEADERS 1
| #define HAVE_SYS_TYPES_H 1
| #define HAVE_SYS_STAT_H 1
| #define HAVE_STDLIB_H 1
| #define HAVE_STRING_H 1
| #define HAVE_MEMORY_H 1
| #define HAVE_STRINGS_H 1
| #define HAVE_INTTYPES_H 1
| #define HAVE_STDINT_H 1
| #define HAVE_UNISTD_H 1
| #define HAVE_DLFCN_H 1
| #define PACKAGE "libtexpdf"
| #define VERSION "20140927"
| #define LT_OBJDIR ".libs/"
| #define HAVE_FSEEKO 1
| #define HAVE_DIRENT_H 1
| #define STDC_HEADERS 1
| #define HAVE_ASSERT_H 1
| #define HAVE_FLOAT_H 1
| #define HAVE_LIMITS_H 1
| #define HAVE_PWD_H 1
| #define HAVE_STDLIB_H 1
| #define HAVE_SYS_PARAM_H 1
| #define HAVE_PUTENV 1
| #define HAVE_STRCASECMP 1
| #define HAVE_STRTOL 1
| #define HAVE_STRSTR 1
| #define HAVE_GETCWD 1
| #define HAVE_GETWD 1
| #define HAVE_MEMCMP 1
| #define HAVE_MEMCPY 1
| #define HAVE_MKSTEMP 1
| #define HAVE_MKTEMP 1
| #define HAVE_STRCHR 1
| #define HAVE_STRRCHR 1
| /* end confdefs.h.  */
| #include <stdio.h>
| #ifdef HAVE_SYS_TYPES_H
| # include <sys/types.h>
| #endif
| #ifdef HAVE_SYS_STAT_H
| # include <sys/stat.h>
| #endif
| #ifdef STDC_HEADERS
| # include <stdlib.h>
| # include <stddef.h>
| #else
| # ifdef HAVE_STDLIB_H
| #  include <stdlib.h>
| # endif
| #endif
| #ifdef HAVE_STRING_H
| # if !defined STDC_HEADERS && defined HAVE_MEMORY_H
| #  include <memory.h>
| # endif
| # include <string.h>
| #endif
| #ifdef HAVE_STRINGS_H
| # include <strings.h>
| #endif
| #ifdef HAVE_INTTYPES_H
| # include <inttypes.h>
| #endif
| #ifdef HAVE_STDINT_H
| # include <stdint.h>
| #endif
| #ifdef HAVE_UNISTD_H
| # include <unistd.h>
| #endif
| int
| main ()
| {
| if (sizeof ((size_t)))
| 	    return 0;
|   ;
|   return 0;
| }
configure:13027: result: yes
configure:13038: checking for int64_t
configure:13038: gcc -c -g -O2  conftest.c >&5
configure:13038: $? = 0
configure:13038: gcc -c -g -O2  conftest.c >&5
conftest.c: In function 'main':
conftest.c:82:53: warning: integer overflow in expression [-Woverflow]
    < (int64_t) (((((int64_t) 1 << N) << N) - 1) * 2 + 2))];
                                                     ^
conftest.c:81:12: error: storage size of 'test_array' isn't constant
 static int test_array [1 - 2 * !((int64_t) (((((int64_t) 1 << N) << N) - 1) * 2 + 1)
            ^
configure:13038: $? = 1
configure: failed program was:
| /* confdefs.h */
| #define PACKAGE_NAME "libtexpdf"
| #define PACKAGE_TARNAME "libtexpdf"
| #define PACKAGE_VERSION "20140927"
| #define PACKAGE_STRING "libtexpdf 20140927"
| #define PACKAGE_BUGREPORT "tex-k@tug.org"
| #define PACKAGE_URL ""
| #define STDC_HEADERS 1
| #define HAVE_SYS_TYPES_H 1
| #define HAVE_SYS_STAT_H 1
| #define HAVE_STDLIB_H 1
| #define HAVE_STRING_H 1
| #define HAVE_MEMORY_H 1
| #define HAVE_STRINGS_H 1
| #define HAVE_INTTYPES_H 1
| #define HAVE_STDINT_H 1
| #define HAVE_UNISTD_H 1
| #define HAVE_DLFCN_H 1
| #define PACKAGE "libtexpdf"
| #define VERSION "20140927"
| #define LT_OBJDIR ".libs/"
| #define HAVE_FSEEKO 1
| #define HAVE_DIRENT_H 1
| #define STDC_HEADERS 1
| #define HAVE_ASSERT_H 1
| #define HAVE_FLOAT_H 1
| #define HAVE_LIMITS_H 1
| #define HAVE_PWD_H 1
| #define HAVE_STDLIB_H 1
| #define HAVE_SYS_PARAM_H 1
| #define HAVE_PUTENV 1
| #define HAVE_STRCASECMP 1
| #define HAVE_STRTOL 1
| #define HAVE_STRSTR 1
| #define HAVE_GETCWD 1
| #define HAVE_GETWD 1
| #define HAVE_MEMCMP 1
| #define HAVE_MEMCPY 1
| #define HAVE_MKSTEMP 1
| #define HAVE_MKTEMP 1
| #define HAVE_STRCHR 1
| #define HAVE_STRRCHR 1
| /* end confdefs.h.  */
| #include <stdio.h>
| #ifdef HAVE_SYS_TYPES_H
| # include <sys/types.h>
| #endif
| #ifdef HAVE_SYS_STAT_H
| # include <sys/stat.h>
| #endif
| #ifdef STDC_HEADERS
| # include <stdlib.h>
| # include <stddef.h>
| #else
| # ifdef HAVE_STDLIB_H
| #  include <stdlib.h>
| # endif
| #endif
| #ifdef HAVE_STRING_H
| # if !defined STDC_HEADERS && defined HAVE_MEMORY_H
| #  include <memory.h>
| # endif
| # include <string.h>
| #endif
| #ifdef HAVE_STRINGS_H
| # include <strings.h>
| #endif
| #ifdef HAVE_INTTYPES_H
| # include <inttypes.h>
| #endif
| #ifdef HAVE_STDINT_H
| # include <stdint.h>
| #endif
| #ifdef HAVE_UNISTD_H
| # include <unistd.h>
| #endif
| 	        enum { N = 64 / 2 - 1 };
| int
| main ()
| {
| static int test_array [1 - 2 * !((int64_t) (((((int64_t) 1 << N) << N) - 1) * 2 + 1)
| 		 < (int64_t) (((((int64_t) 1 << N) << N) - 1) * 2 + 2))];
| test_array [0] = 0;
| return test_array [0];
| 
|   ;
|   return 0;
| }
configure:13038: result: yes
configure:13049: checking for uint64_t
configure:13049: gcc -c -g -O2  conftest.c >&5
configure:13049: $? = 0
configure:13049: result: yes
configure:13069: checking for struct stat.st_mtim
configure:13069: gcc -c -g -O2  conftest.c >&5
conftest.c: In function 'main':
conftest.c:81:5: error: used struct type value where scalar is required
 if (ac_aggr.st_mtim)
     ^
configure:13069: $? = 1
configure: failed program was:
| /* confdefs.h */
| #define PACKAGE_NAME "libtexpdf"
| #define PACKAGE_TARNAME "libtexpdf"
| #define PACKAGE_VERSION "20140927"
| #define PACKAGE_STRING "libtexpdf 20140927"
| #define PACKAGE_BUGREPORT "tex-k@tug.org"
| #define PACKAGE_URL ""
| #define STDC_HEADERS 1
| #define HAVE_SYS_TYPES_H 1
| #define HAVE_SYS_STAT_H 1
| #define HAVE_STDLIB_H 1
| #define HAVE_STRING_H 1
| #define HAVE_MEMORY_H 1
| #define HAVE_STRINGS_H 1
| #define HAVE_INTTYPES_H 1
| #define HAVE_STDINT_H 1
| #define HAVE_UNISTD_H 1
| #define HAVE_DLFCN_H 1
| #define PACKAGE "libtexpdf"
| #define VERSION "20140927"
| #define LT_OBJDIR ".libs/"
| #define HAVE_FSEEKO 1
| #define HAVE_DIRENT_H 1
| #define STDC_HEADERS 1
| #define HAVE_ASSERT_H 1
| #define HAVE_FLOAT_H 1
| #define HAVE_LIMITS_H 1
| #define HAVE_PWD_H 1
| #define HAVE_STDLIB_H 1
| #define HAVE_SYS_PARAM_H 1
| #define HAVE_PUTENV 1
| #define HAVE_STRCASECMP 1
| #define HAVE_STRTOL 1
| #define HAVE_STRSTR 1
| #define HAVE_GETCWD 1
| #define HAVE_GETWD 1
| #define HAVE_MEMCMP 1
| #define HAVE_MEMCPY 1
| #define HAVE_MKSTEMP 1
| #define HAVE_MKTEMP 1
| #define HAVE_STRCHR 1
| #define HAVE_STRRCHR 1
| /* end confdefs.h.  */
| #include <stdio.h>
| #ifdef HAVE_SYS_TYPES_H
| # include <sys/types.h>
| #endif
| #ifdef HAVE_SYS_STAT_H
| # include <sys/stat.h>
| #endif
| #ifdef STDC_HEADERS
| # include <stdlib.h>
| # include <stddef.h>
| #else
| # ifdef HAVE_STDLIB_H
| #  include <stdlib.h>
| # endif
| #endif
| #ifdef HAVE_STRING_H
| # if !defined STDC_HEADERS && defined HAVE_MEMORY_H
| #  include <memory.h>
| # endif
| # include <string.h>
| #endif
| #ifdef HAVE_STRINGS_H
| # include <strings.h>
| #endif
| #ifdef HAVE_INTTYPES_H
| # include <inttypes.h>
| #endif
| #ifdef HAVE_STDINT_H
| # include <stdint.h>
| #endif
| #ifdef HAVE_UNISTD_H
| # include <unistd.h>
| #endif
| int
| main ()
| {
| static struct stat ac_aggr;
| if (ac_aggr.st_mtim)
| return 0;
|   ;
|   return 0;
| }
configure:13069: gcc -c -g -O2  conftest.c >&5
configure:13069: $? = 0
configure:13069: result: yes
configure:13089: checking for unistd.h
configure:13089: result: yes
configure:13089: checking for stdint.h
configure:13089: result: yes
configure:13089: checking for inttypes.h
configure:13089: result: yes
configure:13089: checking for sys/types.h
configure:13089: result: yes
configure:13089: checking sys/wait.h usability
configure:13089: gcc -c -g -O2  conftest.c >&5
configure:13089: $? = 0
configure:13089: result: yes
configure:13089: checking sys/wait.h presence
configure:13089: gcc -E  conftest.c
configure:13089: $? = 0
configure:13089: result: yes
configure:13089: checking for sys/wait.h
configure:13089: result: yes
configure:13089: checking stdbool.h usability
configure:13089: gcc -c -g -O2  conftest.c >&5
configure:13089: $? = 0
configure:13089: result: yes
configure:13089: checking stdbool.h presence
configure:13089: gcc -E  conftest.c
configure:13089: $? = 0
configure:13089: result: yes
configure:13089: checking for stdbool.h
configure:13089: result: yes
configure:13100: checking for working memcmp
configure:13143: gcc -o conftest -g -O2   conftest.c  >&5
configure:13143: $? = 0
configure:13143: ./conftest
configure:13143: $? = 0
configure:13153: result: yes
configure:13165: checking for open
configure:13165: gcc -o conftest -g -O2   conftest.c  >&5
configure:13165: $? = 0
configure:13165: result: yes
configure:13165: checking for close
configure:13165: gcc -o conftest -g -O2   conftest.c  >&5
configure:13165: $? = 0
configure:13165: result: yes
configure:13165: checking for getenv
configure:13165: gcc -o conftest -g -O2   conftest.c  >&5
configure:13165: $? = 0
configure:13165: result: yes
configure:13165: checking for basename
configure:13165: gcc -o conftest -g -O2   conftest.c  >&5
configure:13165: $? = 0
configure:13165: result: yes
configure:13175: checking whether struct tm is in sys/time.h or time.h
configure:13195: gcc -c -g -O2  conftest.c >&5
configure:13195: $? = 0
configure:13202: result: time.h
configure:13210: checking for struct tm.tm_zone
configure:13210: gcc -c -g -O2  conftest.c >&5
configure:13210: $? = 0
configure:13210: result: yes
configure:13277: checking whether byte ordering is bigendian
configure:13292: gcc -c -g -O2  conftest.c >&5
conftest.c:58:9: error: unknown type name 'not'
         not a universal capable compiler
         ^
conftest.c:58:15: error: expected '=', ',', ';', 'asm' or '__attribute__' before 'universal'
         not a universal capable compiler
               ^
conftest.c:58:15: error: unknown type name 'universal'
configure:13292: $? = 1
configure: failed program was:
| /* confdefs.h */
| #define PACKAGE_NAME "libtexpdf"
| #define PACKAGE_TARNAME "libtexpdf"
| #define PACKAGE_VERSION "20140927"
| #define PACKAGE_STRING "libtexpdf 20140927"
| #define PACKAGE_BUGREPORT "tex-k@tug.org"
| #define PACKAGE_URL ""
| #define STDC_HEADERS 1
| #define HAVE_SYS_TYPES_H 1
| #define HAVE_SYS_STAT_H 1
| #define HAVE_STDLIB_H 1
| #define HAVE_STRING_H 1
| #define HAVE_MEMORY_H 1
| #define HAVE_STRINGS_H 1
| #define HAVE_INTTYPES_H 1
| #define HAVE_STDINT_H 1
| #define HAVE_UNISTD_H 1
| #define HAVE_DLFCN_H 1
| #define PACKAGE "libtexpdf"
| #define VERSION "20140927"
| #define LT_OBJDIR ".libs/"
| #define HAVE_FSEEKO 1
| #define HAVE_DIRENT_H 1
| #define STDC_HEADERS 1
| #define HAVE_ASSERT_H 1
| #define HAVE_FLOAT_H 1
| #define HAVE_LIMITS_H 1
| #define HAVE_PWD_H 1
| #define HAVE_STDLIB_H 1
| #define HAVE_SYS_PARAM_H 1
| #define HAVE_PUTENV 1
| #define HAVE_STRCASECMP 1
| #define HAVE_STRTOL 1
| #define HAVE_STRSTR 1
| #define HAVE_GETCWD 1
| #define HAVE_GETWD 1
| #define HAVE_MEMCMP 1
| #define HAVE_MEMCPY 1
| #define HAVE_MKSTEMP 1
| #define HAVE_MKTEMP 1
| #define HAVE_STRCHR 1
| #define HAVE_STRRCHR 1
| #define HAVE_STRUCT_STAT_ST_MTIM 1
| #define HAVE_UNISTD_H 1
| #define HAVE_STDINT_H 1
| #define HAVE_INTTYPES_H 1
| #define HAVE_SYS_TYPES_H 1
| #define HAVE_SYS_WAIT_H 1
| #define HAVE_STDBOOL_H 1
| #define HAVE_OPEN 1
| #define HAVE_CLOSE 1
| #define HAVE_GETENV 1
| #define HAVE_BASENAME 1
| #define HAVE_STRUCT_TM_TM_ZONE 1
| #define HAVE_TM_ZONE 1
| /* end confdefs.h.  */
| #ifndef __APPLE_CC__
| 	       not a universal capable compiler
| 	     #endif
| 	     typedef int dummy;
| 
configure:13337: gcc -c -g -O2  conftest.c >&5
configure:13337: $? = 0
configure:13355: gcc -c -g -O2  conftest.c >&5
conftest.c: In function 'main':
conftest.c:64:4: error: unknown type name 'not'
    not big endian
    ^
conftest.c:64:12: error: expected '=', ',', ';', 'asm' or '__attribute__' before 'endian'
    not big endian
            ^
configure:13355: $? = 1
configure: failed program was:
| /* confdefs.h */
| #define PACKAGE_NAME "libtexpdf"
| #define PACKAGE_TARNAME "libtexpdf"
| #define PACKAGE_VERSION "20140927"
| #define PACKAGE_STRING "libtexpdf 20140927"
| #define PACKAGE_BUGREPORT "tex-k@tug.org"
| #define PACKAGE_URL ""
| #define STDC_HEADERS 1
| #define HAVE_SYS_TYPES_H 1
| #define HAVE_SYS_STAT_H 1
| #define HAVE_STDLIB_H 1
| #define HAVE_STRING_H 1
| #define HAVE_MEMORY_H 1
| #define HAVE_STRINGS_H 1
| #define HAVE_INTTYPES_H 1
| #define HAVE_STDINT_H 1
| #define HAVE_UNISTD_H 1
| #define HAVE_DLFCN_H 1
| #define PACKAGE "libtexpdf"
| #define VERSION "20140927"
| #define LT_OBJDIR ".libs/"
| #define HAVE_FSEEKO 1
| #define HAVE_DIRENT_H 1
| #define STDC_HEADERS 1
| #define HAVE_ASSERT_H 1
| #define HAVE_FLOAT_H 1
| #define HAVE_LIMITS_H 1
| #define HAVE_PWD_H 1
| #define HAVE_STDLIB_H 1
| #define HAVE_SYS_PARAM_H 1
| #define HAVE_PUTENV 1
| #define HAVE_STRCASECMP 1
| #define HAVE_STRTOL 1
| #define HAVE_STRSTR 1
| #define HAVE_GETCWD 1
| #define HAVE_GETWD 1
| #define HAVE_MEMCMP 1
| #define HAVE_MEMCPY 1
| #define HAVE_MKSTEMP 1
| #define HAVE_MKTEMP 1
| #define HAVE_STRCHR 1
| #define HAVE_STRRCHR 1
| #define HAVE_STRUCT_STAT_ST_MTIM 1
| #define HAVE_UNISTD_H 1
| #define HAVE_STDINT_H 1
| #define HAVE_INTTYPES_H 1
| #define HAVE_SYS_TYPES_H 1
| #define HAVE_SYS_WAIT_H 1
| #define HAVE_STDBOOL_H 1
| #define HAVE_OPEN 1
| #define HAVE_CLOSE 1
| #define HAVE_GETENV 1
| #define HAVE_BASENAME 1
| #define HAVE_STRUCT_TM_TM_ZONE 1
| #define HAVE_TM_ZONE 1
| /* end confdefs.h.  */
| #include <sys/types.h>
| 		#include <sys/param.h>
| 
| int
| main ()
| {
| #if BYTE_ORDER != BIG_ENDIAN
| 		 not big endian
| 		#endif
| 
|   ;
|   return 0;
| }
configure:13483: result: no
configure:13501: checking for int32_t
configure:13501: gcc -c -g -O2  conftest.c >&5
configure:13501: $? = 0
configure:13501: gcc -c -g -O2  conftest.c >&5
conftest.c: In function 'main':
conftest.c:95:53: warning: integer overflow in expression [-Woverflow]
    < (int32_t) (((((int32_t) 1 << N) << N) - 1) * 2 + 2))];
                                                     ^
conftest.c:94:12: error: storage size of 'test_array' isn't constant
 static int test_array [1 - 2 * !((int32_t) (((((int32_t) 1 << N) << N) - 1) * 2 + 1)
            ^
configure:13501: $? = 1
configure: failed program was:
| /* confdefs.h */
| #define PACKAGE_NAME "libtexpdf"
| #define PACKAGE_TARNAME "libtexpdf"
| #define PACKAGE_VERSION "20140927"
| #define PACKAGE_STRING "libtexpdf 20140927"
| #define PACKAGE_BUGREPORT "tex-k@tug.org"
| #define PACKAGE_URL ""
| #define STDC_HEADERS 1
| #define HAVE_SYS_TYPES_H 1
| #define HAVE_SYS_STAT_H 1
| #define HAVE_STDLIB_H 1
| #define HAVE_STRING_H 1
| #define HAVE_MEMORY_H 1
| #define HAVE_STRINGS_H 1
| #define HAVE_INTTYPES_H 1
| #define HAVE_STDINT_H 1
| #define HAVE_UNISTD_H 1
| #define HAVE_DLFCN_H 1
| #define PACKAGE "libtexpdf"
| #define VERSION "20140927"
| #define LT_OBJDIR ".libs/"
| #define HAVE_FSEEKO 1
| #define HAVE_DIRENT_H 1
| #define STDC_HEADERS 1
| #define HAVE_ASSERT_H 1
| #define HAVE_FLOAT_H 1
| #define HAVE_LIMITS_H 1
| #define HAVE_PWD_H 1
| #define HAVE_STDLIB_H 1
| #define HAVE_SYS_PARAM_H 1
| #define HAVE_PUTENV 1
| #define HAVE_STRCASECMP 1
| #define HAVE_STRTOL 1
| #define HAVE_STRSTR 1
| #define HAVE_GETCWD 1
| #define HAVE_GETWD 1
| #define HAVE_MEMCMP 1
| #define HAVE_MEMCPY 1
| #define HAVE_MKSTEMP 1
| #define HAVE_MKTEMP 1
| #define HAVE_STRCHR 1
| #define HAVE_STRRCHR 1
| #define HAVE_STRUCT_STAT_ST_MTIM 1
| #define HAVE_UNISTD_H 1
| #define HAVE_STDINT_H 1
| #define HAVE_INTTYPES_H 1
| #define HAVE_SYS_TYPES_H 1
| #define HAVE_SYS_WAIT_H 1
| #define HAVE_STDBOOL_H 1
| #define HAVE_OPEN 1
| #define HAVE_CLOSE 1
| #define HAVE_GETENV 1
| #define HAVE_BASENAME 1
| #define HAVE_STRUCT_TM_TM_ZONE 1
| #define HAVE_TM_ZONE 1
| /* end confdefs.h.  */
| #include <stdio.h>
| #ifdef HAVE_SYS_TYPES_H
| # include <sys/types.h>
| #endif
| #ifdef HAVE_SYS_STAT_H
| # include <sys/stat.h>
| #endif
| #ifdef STDC_HEADERS
| # include <stdlib.h>
| # include <stddef.h>
| #else
| # ifdef HAVE_STDLIB_H
| #  include <stdlib.h>
| # endif
| #endif
| #ifdef HAVE_STRING_H
| # if !defined STDC_HEADERS && defined HAVE_MEMORY_H
| #  include <memory.h>
| # endif
| # include <string.h>
| #endif
| #ifdef HAVE_STRINGS_H
| # include <strings.h>
| #endif
| #ifdef HAVE_INTTYPES_H
| # include <inttypes.h>
| #endif
| #ifdef HAVE_STDINT_H
| # include <stdint.h>
| #endif
| #ifdef HAVE_UNISTD_H
| # include <unistd.h>
| #endif
| 	        enum { N = 32 / 2 - 1 };
| int
| main ()
| {
| static int test_array [1 - 2 * !((int32_t) (((((int32_t) 1 << N) << N) - 1) * 2 + 1)
| 		 < (int32_t) (((((int32_t) 1 << N) << N) - 1) * 2 + 2))];
| test_array [0] = 0;
| return test_array [0];
| 
|   ;
|   return 0;
| }
configure:13501: result: yes
configure:13512: checking for uint32_t
configure:13512: gcc -c -g -O2  conftest.c >&5
configure:13512: $? = 0
configure:13512: result: yes
configure:13527: checking whether timezone is declared
configure:13527: gcc -c -g -O2  conftest.c >&5
configure:13527: $? = 0
configure:13527: result: yes
configure:13535: checking for struct tm.tm_gmtoff
configure:13535: gcc -c -g -O2  conftest.c >&5
configure:13535: $? = 0
configure:13535: result: yes
configure:13548: checking size of char
configure:13553: gcc -o conftest -g -O2   conftest.c  >&5
configure:13553: $? = 0
configure:13553: ./conftest
configure:13553: $? = 0
configure:13567: result: 1
configure:13581: checking size of short
configure:13586: gcc -o conftest -g -O2   conftest.c  >&5
configure:13586: $? = 0
configure:13586: ./conftest
configure:13586: $? = 0
configure:13600: result: 2
configure:13614: checking size of int
configure:13619: gcc -o conftest -g -O2   conftest.c  >&5
configure:13619: $? = 0
configure:13619: ./conftest
configure:13619: $? = 0
configure:13633: result: 4
configure:13647: checking size of long
configure:13652: gcc -o conftest -g -O2   conftest.c  >&5
configure:13652: $? = 0
configure:13652: ./conftest
configure:13652: $? = 0
configure:13666: result: 8
configure:13677: checking for library containing pow
configure:13708: gcc -o conftest -g -O2   conftest.c  >&5
conftest.c:70:6: warning: conflicting types for built-in function 'pow' [enabled by default]
 char pow ();
      ^
/tmp/cceP8fNk.o: In function `main':
/home/miles/Desktop/sile/sile-0.9.1/libtexpdf/conftest.c:74: undefined reference to `pow'
collect2: error: ld returned 1 exit status
configure:13708: $? = 1
configure: failed program was:
| /* confdefs.h */
| #define PACKAGE_NAME "libtexpdf"
| #define PACKAGE_TARNAME "libtexpdf"
| #define PACKAGE_VERSION "20140927"
| #define PACKAGE_STRING "libtexpdf 20140927"
| #define PACKAGE_BUGREPORT "tex-k@tug.org"
| #define PACKAGE_URL ""
| #define STDC_HEADERS 1
| #define HAVE_SYS_TYPES_H 1
| #define HAVE_SYS_STAT_H 1
| #define HAVE_STDLIB_H 1
| #define HAVE_STRING_H 1
| #define HAVE_MEMORY_H 1
| #define HAVE_STRINGS_H 1
| #define HAVE_INTTYPES_H 1
| #define HAVE_STDINT_H 1
| #define HAVE_UNISTD_H 1
| #define HAVE_DLFCN_H 1
| #define PACKAGE "libtexpdf"
| #define VERSION "20140927"
| #define LT_OBJDIR ".libs/"
| #define HAVE_FSEEKO 1
| #define HAVE_DIRENT_H 1
| #define STDC_HEADERS 1
| #define HAVE_ASSERT_H 1
| #define HAVE_FLOAT_H 1
| #define HAVE_LIMITS_H 1
| #define HAVE_PWD_H 1
| #define HAVE_STDLIB_H 1
| #define HAVE_SYS_PARAM_H 1
| #define HAVE_PUTENV 1
| #define HAVE_STRCASECMP 1
| #define HAVE_STRTOL 1
| #define HAVE_STRSTR 1
| #define HAVE_GETCWD 1
| #define HAVE_GETWD 1
| #define HAVE_MEMCMP 1
| #define HAVE_MEMCPY 1
| #define HAVE_MKSTEMP 1
| #define HAVE_MKTEMP 1
| #define HAVE_STRCHR 1
| #define HAVE_STRRCHR 1
| #define HAVE_STRUCT_STAT_ST_MTIM 1
| #define HAVE_UNISTD_H 1
| #define HAVE_STDINT_H 1
| #define HAVE_INTTYPES_H 1
| #define HAVE_SYS_TYPES_H 1
| #define HAVE_SYS_WAIT_H 1
| #define HAVE_STDBOOL_H 1
| #define HAVE_OPEN 1
| #define HAVE_CLOSE 1
| #define HAVE_GETENV 1
| #define HAVE_BASENAME 1
| #define HAVE_STRUCT_TM_TM_ZONE 1
| #define HAVE_TM_ZONE 1
| #define HAVE_TIMEZONE 1
| #define HAVE_TM_GMTOFF 1
| #define SIZEOF_CHAR 1
| #define SIZEOF_SHORT 2
| #define SIZEOF_INT 4
| #define SIZEOF_LONG 8
| /* end confdefs.h.  */
| 
| /* Override any GCC internal prototype to avoid an error.
|    Use char because int might match the return type of a GCC
|    builtin and then its argument prototype would still apply.  */
| #ifdef __cplusplus
| extern "C"
| #endif
| char pow ();
| int
| main ()
| {
| return pow ();
|   ;
|   return 0;
| }
configure:13708: gcc -o conftest -g -O2   conftest.c -lm   >&5
conftest.c:70:6: warning: conflicting types for built-in function 'pow' [enabled by default]
 char pow ();
      ^
configure:13708: $? = 0
configure:13725: result: -lm
configure:13747: checking if <zlib.h> defines 'z_const'
configure:13766: gcc -c -g -O2   conftest.c >&5
configure:13766: $? = 0
configure:13776: result: yes
configure:13789: checking for png_get_image_width in -lpng
configure:13814: gcc -o conftest -g -O2   conftest.c -lpng  -lm  >&5
configure:13814: $? = 0
configure:13823: result: yes
configure:13893: checking for pkg-config
configure:13911: found /usr/bin/pkg-config
configure:13923: result: /usr/bin/pkg-config
configure:13948: checking pkg-config is at least version 0.9.0
configure:13951: result: yes
configure:13961: checking for FREETYPE
configure:13968: $PKG_CONFIG --exists --print-errors "freetype2"
configure:13971: $? = 0
configure:13985: $PKG_CONFIG --exists --print-errors "freetype2"
configure:13988: $? = 0
configure:14032: result: yes
configure:14054: gcc -o conftest -g -O2    conftest.c -lz -lpng -lm  >&5
configure:14054: $? = 0
configure:14187: checking that generated files are newer than configure
configure:14193: result: done
configure:14221: creating ./config.status

## ---------------------- ##
## Running config.status. ##
## ---------------------- ##

This file was extended by libtexpdf config.status 20140927, which was
generated by GNU Autoconf 2.69.  Invocation command line was

  CONFIG_FILES    = 
  CONFIG_HEADERS  = 
  CONFIG_LINKS    = 
  CONFIG_COMMANDS = 
  $ ./config.status 

on miles-Latitude-E5500

config.status:1139: creating Makefile
config.status:1139: creating config.h
config.status:1368: executing depfiles commands
config.status:1368: executing libtool commands

## ---------------- ##
## Cache variables. ##
## ---------------- ##

ac_cv_build=x86_64-unknown-linux-gnu
ac_cv_c_bigendian=no
ac_cv_c_compiler_gnu=yes
ac_cv_c_const=yes
ac_cv_c_inline=inline
ac_cv_c_int32_t=yes
ac_cv_c_int64_t=yes
ac_cv_c_uint32_t=yes
ac_cv_c_uint64_t=yes
ac_cv_env_CC_set=
ac_cv_env_CC_value=
ac_cv_env_CFLAGS_set=
ac_cv_env_CFLAGS_value=
ac_cv_env_CPPFLAGS_set=
ac_cv_env_CPPFLAGS_value=
ac_cv_env_CPP_set=
ac_cv_env_CPP_value=
ac_cv_env_FREETYPE_CFLAGS_set=
ac_cv_env_FREETYPE_CFLAGS_value=
ac_cv_env_FREETYPE_LIBS_set=
ac_cv_env_FREETYPE_LIBS_value=
ac_cv_env_LDFLAGS_set=
ac_cv_env_LDFLAGS_value=
ac_cv_env_LIBS_set=
ac_cv_env_LIBS_value=
ac_cv_env_PKG_CONFIG_LIBDIR_set=
ac_cv_env_PKG_CONFIG_LIBDIR_value=
ac_cv_env_PKG_CONFIG_PATH_set=
ac_cv_env_PKG_CONFIG_PATH_value=
ac_cv_env_PKG_CONFIG_set=
ac_cv_env_PKG_CONFIG_value=
ac_cv_env_build_alias_set=
ac_cv_env_build_alias_value=
ac_cv_env_host_alias_set=
ac_cv_env_host_alias_value=
ac_cv_env_target_alias_set=
ac_cv_env_target_alias_value=
ac_cv_func_basename=yes
ac_cv_func_close=yes
ac_cv_func_closedir_void=no
ac_cv_func_getcwd=yes
ac_cv_func_getenv=yes
ac_cv_func_getwd=yes
ac_cv_func_memcmp=yes
ac_cv_func_memcmp_working=yes
ac_cv_func_memcpy=yes
ac_cv_func_mkstemp=yes
ac_cv_func_mktemp=yes
ac_cv_func_open=yes
ac_cv_func_putenv=yes
ac_cv_func_strcasecmp=yes
ac_cv_func_strchr=yes
ac_cv_func_strrchr=yes
ac_cv_func_strstr=yes
ac_cv_func_strtol=yes
ac_cv_have_decl_timezone=yes
ac_cv_header_assert_h=yes
ac_cv_header_dirent_dirent_h=yes
ac_cv_header_dlfcn_h=yes
ac_cv_header_float_h=yes
ac_cv_header_inttypes_h=yes
ac_cv_header_limits_h=yes
ac_cv_header_memory_h=yes
ac_cv_header_pwd_h=yes
ac_cv_header_stdbool_h=yes
ac_cv_header_stdc=yes
ac_cv_header_stdint_h=yes
ac_cv_header_stdlib_h=yes
ac_cv_header_string_h=yes
ac_cv_header_strings_h=yes
ac_cv_header_sys_param_h=yes
ac_cv_header_sys_stat_h=yes
ac_cv_header_sys_types_h=yes
ac_cv_header_sys_wait_h=yes
ac_cv_header_unistd_h=yes
ac_cv_host=x86_64-unknown-linux-gnu
ac_cv_lib_png_png_get_image_width=yes
ac_cv_member_struct_stat_st_mtim=yes
ac_cv_member_struct_tm_tm_gmtoff=yes
ac_cv_member_struct_tm_tm_zone=yes
ac_cv_objext=o
ac_cv_path_EGREP='/bin/grep -E'
ac_cv_path_FGREP='/bin/grep -F'
ac_cv_path_GREP=/bin/grep
ac_cv_path_SED=/bin/sed
ac_cv_path_ac_pt_PKG_CONFIG=/usr/bin/pkg-config
ac_cv_path_install='/usr/bin/install -c'
ac_cv_path_mkdir=/bin/mkdir
ac_cv_prog_AWK=gawk
ac_cv_prog_CPP='gcc -E'
ac_cv_prog_ac_ct_AR=ar
ac_cv_prog_ac_ct_CC=gcc
ac_cv_prog_ac_ct_MANIFEST_TOOL=mt
ac_cv_prog_ac_ct_OBJDUMP=objdump
ac_cv_prog_ac_ct_RANLIB=ranlib
ac_cv_prog_ac_ct_STRIP=strip
ac_cv_prog_cc_c89=
ac_cv_prog_cc_g=yes
ac_cv_prog_make_make_set=yes
ac_cv_search_opendir='none required'
ac_cv_search_pow=-lm
ac_cv_sizeof_char=1
ac_cv_sizeof_int=4
ac_cv_sizeof_long=8
ac_cv_sizeof_short=2
ac_cv_struct_tm=time.h
ac_cv_sys_file_offset_bits=no
ac_cv_sys_largefile_CC=no
ac_cv_sys_largefile_source=no
ac_cv_type_size_t=yes
am_cv_CC_dependencies_compiler_type=gcc3
am_cv_make_support_nested_variables=yes
am_cv_prog_cc_c_o=yes
kb_cv_c_prototypes=yes
kpse_cv_have_decl_z_const=yes
lt_cv_ar_at_file=@
lt_cv_archive_cmds_need_lc=no
lt_cv_deplibs_check_method=pass_all
lt_cv_file_magic_cmd='$MAGIC_CMD'
lt_cv_file_magic_test_file=
lt_cv_ld_reload_flag=-r
lt_cv_nm_interface='BSD nm'
lt_cv_objdir=.libs
lt_cv_path_LD=/usr/bin/ld
lt_cv_path_NM='/usr/bin/nm -B'
lt_cv_path_mainfest_tool=no
lt_cv_prog_compiler_c_o=yes
lt_cv_prog_compiler_pic='-fPIC -DPIC'
lt_cv_prog_compiler_pic_works=yes
lt_cv_prog_compiler_rtti_exceptions=no
lt_cv_prog_compiler_static_works=yes
lt_cv_prog_gnu_ld=yes
lt_cv_sharedlib_from_linklib_cmd='printf %s\n'
lt_cv_shlibpath_overrides_runpath=no
lt_cv_sys_global_symbol_pipe='sed -n -e '\''s/^.*[	 ]\([ABCDGIRSTW][ABCDGIRSTW]*\)[	 ][	 ]*\([_A-Za-z][_A-Za-z0-9]*\)$/\1 \2 \2/p'\'' | sed '\''/ __gnu_lto/d'\'''
lt_cv_sys_global_symbol_to_c_name_address='sed -n -e '\''s/^: \([^ ]*\)[ ]*$/  {\"\1\", (void *) 0},/p'\'' -e '\''s/^[ABCDGIRSTW]* \([^ ]*\) \([^ ]*\)$/  {"\2", (void *) \&\2},/p'\'''
lt_cv_sys_global_symbol_to_c_name_address_lib_prefix='sed -n -e '\''s/^: \([^ ]*\)[ ]*$/  {\"\1\", (void *) 0},/p'\'' -e '\''s/^[ABCDGIRSTW]* \([^ ]*\) \(lib[^ ]*\)$/  {"\2", (void *) \&\2},/p'\'' -e '\''s/^[ABCDGIRSTW]* \([^ ]*\) \([^ ]*\)$/  {"lib\2", (void *) \&\2},/p'\'''
lt_cv_sys_global_symbol_to_cdecl='sed -n -e '\''s/^T .* \(.*\)$/extern int \1();/p'\'' -e '\''s/^[ABCDGIRSTW]* .* \(.*\)$/extern char \1;/p'\'''
lt_cv_sys_max_cmd_len=1572864
lt_cv_to_host_file_cmd=func_convert_file_noop
lt_cv_to_tool_file_cmd=func_convert_file_noop
pkg_cv_FREETYPE_CFLAGS='-I/usr/include/freetype2  '
pkg_cv_FREETYPE_LIBS='-lfreetype  '

## ----------------- ##
## Output variables. ##
## ----------------- ##

ACLOCAL='${SHELL} /home/miles/Desktop/sile/sile-0.9.1/libtexpdf/build-aux/missing aclocal-1.14'
AMDEPBACKSLASH='\'
AMDEP_FALSE='#'
AMDEP_TRUE=''
AMTAR='$${TAR-tar}'
AM_BACKSLASH='\'
AM_DEFAULT_V='$(AM_DEFAULT_VERBOSITY)'
AM_DEFAULT_VERBOSITY='1'
AM_V='$(V)'
AR='ar'
AS='as'
AUTOCONF='${SHELL} /home/miles/Desktop/sile/sile-0.9.1/libtexpdf/build-aux/missing autoconf'
AUTOHEADER='${SHELL} /home/miles/Desktop/sile/sile-0.9.1/libtexpdf/build-aux/missing autoheader'
AUTOMAKE='${SHELL} /home/miles/Desktop/sile/sile-0.9.1/libtexpdf/build-aux/missing automake-1.14'
AWK='gawk'
CC='gcc'
CCDEPMODE='depmode=gcc3'
CFLAGS='-g -O2'
CPP='gcc -E'
CPPFLAGS=' '
CYGPATH_W='echo'
DEFS='-DHAVE_CONFIG_H'
DEPDIR='.deps'
DLLTOOL='false'
DSYMUTIL=''
DUMPBIN=''
ECHO_C=''
ECHO_N='-n'
ECHO_T=''
EGREP='/bin/grep -E'
EXEEXT=''
FGREP='/bin/grep -F'
FREETYPE_CFLAGS='-I/usr/include/freetype2  '
FREETYPE_LIBS='-lfreetype  '
GREP='/bin/grep'
INSTALL_DATA='${INSTALL} -m 644'
INSTALL_PROGRAM='${INSTALL}'
INSTALL_SCRIPT='${INSTALL}'
INSTALL_STRIP_PROGRAM='$(install_sh) -c -s'
LD='/usr/bin/ld -m elf_x86_64'
LDFLAGS=''
LIBOBJS=''
LIBS='-lz -lpng -lm '
LIBTOOL='$(SHELL) $(top_builddir)/libtool'
LIPO=''
LN_S='ln -s'
LTLIBOBJS=''
MAINT='#'
MAINTAINER_MODE_FALSE=''
MAINTAINER_MODE_TRUE='#'
MAKEINFO='${SHELL} /home/miles/Desktop/sile/sile-0.9.1/libtexpdf/build-aux/missing makeinfo'
MANIFEST_TOOL=':'
MKDIR_P='/bin/mkdir -p'
NM='/usr/bin/nm -B'
NMEDIT=''
OBJDUMP='objdump'
OBJEXT='o'
OTOOL64=''
OTOOL=''
PACKAGE='libtexpdf'
PACKAGE_BUGREPORT='tex-k@tug.org'
PACKAGE_NAME='libtexpdf'
PACKAGE_STRING='libtexpdf 20140927'
PACKAGE_TARNAME='libtexpdf'
PACKAGE_URL=''
PACKAGE_VERSION='20140927'
PATH_SEPARATOR=':'
PKG_CONFIG='/usr/bin/pkg-config'
PKG_CONFIG_LIBDIR=''
PKG_CONFIG_PATH=''
RANLIB='ranlib'
SED='/bin/sed'
SET_MAKE=''
SHELL='/bin/bash'
STRIP='strip'
VERSION='20140927'
ZLIB_DEPEND=''
ZLIB_INCLUDES=''
ZLIB_LIBS='-lz'
ZLIB_RULE=''
ac_ct_AR='ar'
ac_ct_CC='gcc'
ac_ct_DUMPBIN=''
am__EXEEXT_FALSE=''
am__EXEEXT_TRUE='#'
am__fastdepCC_FALSE='#'
am__fastdepCC_TRUE=''
am__include='include'
am__isrc=''
am__leading_dot='.'
am__nodep='_no'
am__quote=''
am__tar='$${TAR-tar} chof - "$$tardir"'
am__untar='$${TAR-tar} xf -'
bindir='${exec_prefix}/bin'
build='x86_64-unknown-linux-gnu'
build_alias=''
build_cpu='x86_64'
build_os='linux-gnu'
build_vendor='unknown'
datadir='${datarootdir}'
datarootdir='${prefix}/share'
docdir='${datarootdir}/doc/${PACKAGE_TARNAME}'
dvidir='${docdir}'
exec_prefix='${prefix}'
host='x86_64-unknown-linux-gnu'
host_alias=''
host_cpu='x86_64'
host_os='linux-gnu'
host_vendor='unknown'
htmldir='${docdir}'
includedir='${prefix}/include'
infodir='${datarootdir}/info'
install_sh='${SHELL} /home/miles/Desktop/sile/sile-0.9.1/libtexpdf/build-aux/install-sh'
libdir='${exec_prefix}/lib'
libexecdir='${exec_prefix}/libexec'
localedir='${datarootdir}/locale'
localstatedir='${prefix}/var'
mandir='${datarootdir}/man'
mkdir_p='$(MKDIR_P)'
oldincludedir='/usr/include'
pdfdir='${docdir}'
prefix='/usr/local'
program_transform_name='s,x,x,'
psdir='${docdir}'
sbindir='${exec_prefix}/sbin'
sharedstatedir='${prefix}/com'
sysconfdir='${prefix}/etc'
target_alias=''

## ----------- ##
## confdefs.h. ##
## ----------- ##

/* confdefs.h */
#define PACKAGE_NAME "libtexpdf"
#define PACKAGE_TARNAME "libtexpdf"
#define PACKAGE_VERSION "20140927"
#define PACKAGE_STRING "libtexpdf 20140927"
#define PACKAGE_BUGREPORT "tex-k@tug.org"
#define PACKAGE_URL ""
#define STDC_HEADERS 1
#define HAVE_SYS_TYPES_H 1
#define HAVE_SYS_STAT_H 1
#define HAVE_STDLIB_H 1
#define HAVE_STRING_H 1
#define HAVE_MEMORY_H 1
#define HAVE_STRINGS_H 1
#define HAVE_INTTYPES_H 1
#define HAVE_STDINT_H 1
#define HAVE_UNISTD_H 1
#define HAVE_DLFCN_H 1
#define PACKAGE "libtexpdf"
#define VERSION "20140927"
#define LT_OBJDIR ".libs/"
#define HAVE_FSEEKO 1
#define HAVE_DIRENT_H 1
#define STDC_HEADERS 1
#define HAVE_ASSERT_H 1
#define HAVE_FLOAT_H 1
#define HAVE_LIMITS_H 1
#define HAVE_PWD_H 1
#define HAVE_STDLIB_H 1
#define HAVE_SYS_PARAM_H 1
#define HAVE_PUTENV 1
#define HAVE_STRCASECMP 1
#define HAVE_STRTOL 1
#define HAVE_STRSTR 1
#define HAVE_GETCWD 1
#define HAVE_GETWD 1
#define HAVE_MEMCMP 1
#define HAVE_MEMCPY 1
#define HAVE_MKSTEMP 1
#define HAVE_MKTEMP 1
#define HAVE_STRCHR 1
#define HAVE_STRRCHR 1
#define HAVE_STRUCT_STAT_ST_MTIM 1
#define HAVE_UNISTD_H 1
#define HAVE_STDINT_H 1
#define HAVE_INTTYPES_H 1
#define HAVE_SYS_TYPES_H 1
#define HAVE_SYS_WAIT_H 1
#define HAVE_STDBOOL_H 1
#define HAVE_OPEN 1
#define HAVE_CLOSE 1
#define HAVE_GETENV 1
#define HAVE_BASENAME 1
#define HAVE_STRUCT_TM_TM_ZONE 1
#define HAVE_TM_ZONE 1
#define HAVE_TIMEZONE 1
#define HAVE_TM_GMTOFF 1
#define SIZEOF_CHAR 1
#define SIZEOF_SHORT 2
#define SIZEOF_INT 4
#define SIZEOF_LONG 8
#define ZLIB_CONST 1
#define HAVE_LIBPNG 1
#define HAVE_ZLIB 1
#define HAVE_ZLIB_COMPRESS2 1
#define HAVE_LIBPNG 1

configure: exit 0
